    [I 2021-05-09 17:44:21,792] Trial 24 finished with value: 0.8437716237114179 and parameters: {'n_estimators': 68, 'max_depth': 17.15053066098069, 'learning_rate': 0.030636407508597394, 'colsample_bytree': 0.9975790648482403, 'num_leaves': 253, 'reg_alpha': 0.7608793700145221, 'reg_lambda': 0.2681559435580584, 'min_split_gain': 0.29692652739273573, 'subsample': 0.22865209759983426}. Best is trial 22 with value: 0.8653959638706871.
    

In [57]:

    
    
    trial_lgbm= study_lgbm.best_trial
    print(trial_lgbm.value)
    print(trial_lgbm.params)
    
    
    
    0.8653959638706871
    {'n_estimators': 83, 'max_depth': 25.189253756735123, 'learning_rate': 0.17179233498193255, 'colsample_bytree': 0.6038190843157162, 'num_leaves': 254, 'reg_alpha': 0.838971567767778, 'reg_lambda': 0.2832341981958901, 'min_split_gain': 0.3099589058884009, 'subsample': 0.5504932545076727}
    

In [58]:

    
    
    model_lgbm=lgb.LGBMClassifier(n_estimators=83, max_depth=25, learning_rate=0.17179233498193255, 
                                  colsample_bytree=0.6038190843157162, num_leaves=254, reg_alpha=0.838971567767778, 
                                  reg_lambda=0.2832341981958901, 
                                  min_split_gain=0.3099589058884009,subsample=0.5504932545076727,class_weight='balanced')
    

In [59]:

    
    
    model_lgbm.fit(x_train_sampling,y_train_sampling)
    

Out[59]:

    
    
    LGBMClassifier(class_weight='balanced', colsample_bytree=0.6038190843157162,
                   learning_rate=0.17179233498193255, max_depth=25,
                   min_split_gain=0.3099589058884009, n_estimators=83,
                   num_leaves=254, reg_alpha=0.838971567767778,
                   reg_lambda=0.2832341981958901, subsample=0.5504932545076727)

In [60]:

    
    
    pred_lgbm=model_lgbm.predict(x_test_sam)
    print(accuracy_score(y_test_sam,pred_lgbm))
    
    
    
    0.8332240035685236
    

In [61]:

    
    
    print(classification_report(y_test_sam,pred_lgbm))
    
    
    
                  precision    recall  f1-score   support
    
               0       0.91      0.90      0.90     66699
               1       0.35      0.38      0.36      9523
    
        accuracy                           0.83     76222
       macro avg       0.63      0.64      0.63     76222
    weighted avg       0.84      0.83      0.84     76222
    
    

In [65]:

    
    
    print("F1 Score : ", f1_score(y_test_sam,pred_lgbm,average='micro'))
    
    
    
    F1 Score :  0.8332240035685236
    

In [63]:

    
    
    plt.figure(figsize=(20,10))
    y_score2=model_lgbm.predict_proba(x_test_sam)[:,1]
    
    fpr2,tpr2,_=roc_curve(y_test_sam,y_score2)
    
    plt.title('Random Forest ROC curve: CC Fraud')
    plt.xlabel('FPR (Precision)')
    plt.ylabel('TPR (Recall)')
    
    plt.plot(fpr2,tpr2)
    plt.plot((0,1), ls='dashed',color='black')
    plt.show()
    print ('Area under curve (AUC): ', auc(fpr2,tpr2))
    

![](__results___files/__results___88_0.png)

    
    
    Area under curve (AUC):  0.8436923538896614
    

In [64]:

    
    
    roc_auc_score(y_test_sam,y_score2)
    

Out[64]:

    
    
    0.8436923538896614

