In [1]:

    
    
    # This Python 3 environment comes with many helpful analytics libraries installed
    # It is defined by the kaggle/python Docker image: https://github.com/kaggle/docker-python
    # For example, here's several helpful packages to load
    
    import numpy as np # linear algebra
    import pandas as pd # data processing, CSV file I/O (e.g. pd.read_csv)
    
    # Input data files are available in the read-only "../input/" directory
    # For example, running this (by clicking run or pressing Shift+Enter) will list all files under the input directory
    
    import os
    for dirname, _, filenames in os.walk('/kaggle/input'):
        for filename in filenames:
            print(os.path.join(dirname, filename))
    
    # You can write up to 20GB to the current directory (/kaggle/working/) that gets preserved as output when you create a version using "Save & Run All" 
    # You can also write temporary files to /kaggle/temp/, but they won't be saved outside of the current session
    
    
    
    /kaggle/input/health-insurance-cross-sell-prediction/sample_submission.csv
    /kaggle/input/health-insurance-cross-sell-prediction/train.csv
    /kaggle/input/health-insurance-cross-sell-prediction/test.csv
    

# VEHICLE INSURANCE PREDICTION¶

In [2]:

    
    
    import pandas as pd
    import matplotlib.pyplot as plt
    %matplotlib inline
    import seaborn as sns
    import numpy as np
    

In [3]:

    
    
    train=pd.read_csv("/kaggle/input/health-insurance-cross-sell-prediction/train.csv")
    test=pd.read_csv("/kaggle/input/health-insurance-cross-sell-prediction/test.csv")
    

In [4]:

    
    
    train.head()
    

Out[4]:

| id | Gender | Age | Driving_License | Region_Code | Previously_Insured | Vehicle_Age | Vehicle_Damage | Annual_Premium | Policy_Sales_Channel | Vintage | Response  
---|---|---|---|---|---|---|---|---|---|---|---|---  
0 | 1 | Male | 44 | 1 | 28.0 | 0 | > 2 Years | Yes | 40454.0 | 26.0 | 217 | 1  
1 | 2 | Male | 76 | 1 | 3.0 | 0 | 1-2 Year | No | 33536.0 | 26.0 | 183 | 0  
2 | 3 | Male | 47 | 1 | 28.0 | 0 | > 2 Years | Yes | 38294.0 | 26.0 | 27 | 1  
3 | 4 | Male | 21 | 1 | 11.0 | 1 | < 1 Year | No | 28619.0 | 152.0 | 203 | 0  
4 | 5 | Female | 29 | 1 | 41.0 | 1 | < 1 Year | No | 27496.0 | 152.0 | 39 | 0  
  
In [5]:

    
    
    df=train.drop('id',axis=1)
    df.head()
    

Out[5]:

| Gender | Age | Driving_License | Region_Code | Previously_Insured | Vehicle_Age | Vehicle_Damage | Annual_Premium | Policy_Sales_Channel | Vintage | Response  
---|---|---|---|---|---|---|---|---|---|---|---  
0 | Male | 44 | 1 | 28.0 | 0 | > 2 Years | Yes | 40454.0 | 26.0 | 217 | 1  
1 | Male | 76 | 1 | 3.0 | 0 | 1-2 Year | No | 33536.0 | 26.0 | 183 | 0  
2 | Male | 47 | 1 | 28.0 | 0 | > 2 Years | Yes | 38294.0 | 26.0 | 27 | 1  
3 | Male | 21 | 1 | 11.0 | 1 | < 1 Year | No | 28619.0 | 152.0 | 203 | 0  
4 | Female | 29 | 1 | 41.0 | 1 | < 1 Year | No | 27496.0 | 152.0 | 39 | 0  
  
In [6]:

    
    
    print(df.columns)
    
    
    
    Index(['Gender', 'Age', 'Driving_License', 'Region_Code', 'Previously_Insured',
           'Vehicle_Age', 'Vehicle_Damage', 'Annual_Premium',
           'Policy_Sales_Channel', 'Vintage', 'Response'],
          dtype='object')
    

In [7]:

    
    
    df.describe()
    

Out[7]:

| Age | Driving_License | Region_Code | Previously_Insured | Annual_Premium | Policy_Sales_Channel | Vintage | Response  
---|---|---|---|---|---|---|---|---  
count | 381109.000000 | 381109.000000 | 381109.000000 | 381109.000000 | 381109.000000 | 381109.000000 | 381109.000000 | 381109.000000  
mean | 38.822584 | 0.997869 | 26.388807 | 0.458210 | 30564.389581 | 112.034295 | 154.347397 | 0.122563  
std | 15.511611 | 0.046110 | 13.229888 | 0.498251 | 17213.155057 | 54.203995 | 83.671304 | 0.327936  
min | 20.000000 | 0.000000 | 0.000000 | 0.000000 | 2630.000000 | 1.000000 | 10.000000 | 0.000000  
25% | 25.000000 | 1.000000 | 15.000000 | 0.000000 | 24405.000000 | 29.000000 | 82.000000 | 0.000000  
50% | 36.000000 | 1.000000 | 28.000000 | 0.000000 | 31669.000000 | 133.000000 | 154.000000 | 0.000000  
75% | 49.000000 | 1.000000 | 35.000000 | 1.000000 | 39400.000000 | 152.000000 | 227.000000 | 0.000000  
max | 85.000000 | 1.000000 | 52.000000 | 1.000000 | 540165.000000 | 163.000000 | 299.000000 | 1.000000  
  
**Checking for null values in training data**

  * **There is no null value in any column of the data**

In [8]:

    
    
    train.isnull().sum()
    

Out[8]:

    
    
    id                      0
    Gender                  0
    Age                     0
    Driving_License         0
    Region_Code             0
    Previously_Insured      0
    Vehicle_Age             0
    Vehicle_Damage          0
    Annual_Premium          0
    Policy_Sales_Channel    0
    Vintage                 0
    Response                0
    dtype: int64

**Looking for correlation between any two features**

  * **As we can there is no significant relation between any two features so we will go ahead with all features we have**

In [9]:

    
    
    plt.figure(figsize=(20,8))
    sns.heatmap(data=df.corr(),annot=True,cmap="Greens")
    

Out[9]:

    
    
    <AxesSubplot:>

![](__results___files/__results___11_1.png)

# **VISUALIZATION AND ANALYSIS**¶

**TARGET VARIABLE**

**Checking if data is imbalanced or not**

  * **Target value is highly imbalanced i.e. 87.7% are -ve responses and 12.3% are +ve responses**

In [10]:

    
    
    def with_hue(data,feature,ax):
        
        #Numnber of categories
        num_of_cat=len([x for x in data[feature].unique() if x==x])
        
        bars=ax.patches
        
        for ind in range(num_of_cat):
            ##     Get every hue bar
            ##     ex. 8 X categories, 4 hues =>
            ##    [0, 8, 16, 24] are hue bars for 1st X category
            hueBars=bars[ind:][::num_of_cat] 
            # Get the total height (for percentages)
            total=sum([x.get_height() for x in hueBars])
            #Printing percentages on bar
            for bar in hueBars:
                percentage='{:.1f}%'.format(100 * bar.get_height()/total)
                ax.text(bar.get_x()+bar.get_width()/2.0,
                       bar.get_height(),
                       percentage,
                        ha="center",va="bottom",fontweight='bold')
        
    
        
    def without_hue(data,feature,ax):
        
        total=float(len(data))
        bars_plot=ax.patches
        
        for bars in bars_plot:
            percentage = '{:.1f}%'.format(100 * bars.get_height()/total)
            x = bars.get_x() + bars.get_width()/2.0
            y = bars.get_height()
            ax.text(x, y,(percentage,bars.get_height()),ha='center',fontweight='bold')
    

In [11]:

    
    
    plt.figure(figsize=(15,7))
    plt.text(0.7,220000,"Data is highly Imbalanced",fontweight='bold',fontsize=15)
    sns.set_theme(context='notebook',style='darkgrid')
    a=sns.countplot(x=train["Response"],palette="gnuplot")
    without_hue(df,'Response',a)
    

![](__results___files/__results___16_0.png)

In [12]:

    
    
    df.head()
    

Out[12]:

| Gender | Age | Driving_License | Region_Code | Previously_Insured | Vehicle_Age | Vehicle_Damage | Annual_Premium | Policy_Sales_Channel | Vintage | Response  
---|---|---|---|---|---|---|---|---|---|---|---  
0 | Male | 44 | 1 | 28.0 | 0 | > 2 Years | Yes | 40454.0 | 26.0 | 217 | 1  
1 | Male | 76 | 1 | 3.0 | 0 | 1-2 Year | No | 33536.0 | 26.0 | 183 | 0  
2 | Male | 47 | 1 | 28.0 | 0 | > 2 Years | Yes | 38294.0 | 26.0 | 27 | 1  
3 | Male | 21 | 1 | 11.0 | 1 | < 1 Year | No | 28619.0 | 152.0 | 203 | 0  
4 | Female | 29 | 1 | 41.0 | 1 | < 1 Year | No | 27496.0 | 152.0 | 39 | 0  
  
**UNIVARIATE ANALYSIS**

**CATEGORICAL VALUES**

  * **Gender,Driving_License,Previously_Insured,Vehicle_Age,Vehicle_Damage**

In [13]:

    
    
    f,ax=plt.subplots(nrows=5,ncols=2,figsize=(20,50), 
                      gridspec_kw={'width_ratios': [10,10],
                                   'height_ratios': [10,10,10,10,10],'wspace': 0.2,
                           'hspace': 0.4})
    
    
    a1=sns.countplot(data=df,x="Gender",ax=ax[0][0],palette="Set1")
    without_hue(df,'Gender',a1)
    a2=sns.countplot(data=df,x='Gender',hue='Response',palette="gnuplot",ax=ax[0][1])
    with_hue(df,'Gender',a2)
    
    b1=sns.countplot(data=df,x="Driving_License",palette="gnuplot",ax=ax[1][0])
    without_hue(df,"Driving_License",b1)
    b2=sns.countplot(data=df,x="Driving_License",hue='Response',palette="gnuplot",ax=ax[1][1])
    with_hue(df,"Driving_License",b2)
    
    c1=sns.countplot(data=df,x="Previously_Insured",palette="gnuplot",ax=ax[2][0])
    without_hue(df,"Previously_Insured",c1)
    c2=sns.countplot(data=df,x="Previously_Insured",hue='Response',palette="gnuplot",ax=ax[2][1])
    with_hue(df,"Previously_Insured",c2)
    
    d1=sns.countplot(data=df,x="Vehicle_Age",palette="gnuplot",ax=ax[3][0])
    without_hue(df,"Vehicle_Age",d1)
    d2=sns.countplot(data=df,x="Vehicle_Age",hue='Response',palette="gnuplot",ax=ax[3][1])
    with_hue(df,"Vehicle_Age",d2)
    
    e1=sns.countplot(data=df,x="Vehicle_Damage",ax=ax[4][0],palette="Set1")
    without_hue(df,"Vehicle_Damage",e1)
    e2=sns.countplot(data=df,x="Vehicle_Damage",hue='Response',palette="gnuplot",ax=ax[4][1])
    with_hue(df,"Vehicle_Damage",e2)
    

![](__results___files/__results___20_0.png)

**CONCLUSIONS FROM CATEGOICAL FEATURES**

  * **13.8% males and 10.4% females responded +ve**
  * **People who don't have license are not responding but with driving license only 12.3% are responding**
  * **Person who is not previously insured are responding i.e. 22.5% , but who is already insured are not responding**
  * **People whose vehicle age is greater than 1 year are reasponding more frequently**
  * **23.8% of people whose Vehicle is Damaged are responding +ve**

In [14]:

    
    
    df.head()
    

Out[14]:

| Gender | Age | Driving_License | Region_Code | Previously_Insured | Vehicle_Age | Vehicle_Damage | Annual_Premium | Policy_Sales_Channel | Vintage | Response  
---|---|---|---|---|---|---|---|---|---|---|---  
0 | Male | 44 | 1 | 28.0 | 0 | > 2 Years | Yes | 40454.0 | 26.0 | 217 | 1  
1 | Male | 76 | 1 | 3.0 | 0 | 1-2 Year | No | 33536.0 | 26.0 | 183 | 0  
2 | Male | 47 | 1 | 28.0 | 0 | > 2 Years | Yes | 38294.0 | 26.0 | 27 | 1  
3 | Male | 21 | 1 | 11.0 | 1 | < 1 Year | No | 28619.0 | 152.0 | 203 | 0  
4 | Female | 29 | 1 | 41.0 | 1 | < 1 Year | No | 27496.0 | 152.0 | 39 | 0  
  
**CONTINUOUS VALUES**

  * **Age,Region_Code,Annual_Premium,Policy_Sales_Channel,Vintage**

**AGE COLUMN**

In [15]:

    
    
    f,ax=plt.subplots(nrows=1,ncols=2,figsize=(20,10))
    ax[0].text(50,17000,"Age data is right Skewed",fontweight='bold',fontsize=15)
    sns.histplot(data=df,x="Age",palette='gnuplot',kde=True,ax=ax[0],binwidth=1)
    ax[1].text(50,17000,"Age data is little right Skewed\nwith hueness",fontweight='bold',fontsize=15)
    sns.histplot(data=df,x="Age",palette='gnuplot',kde=True,ax=ax[1],hue="Response",binwidth=1)
    

Out[15]:

    
    
    <AxesSubplot:xlabel='Age', ylabel='Count'>

![](__results___files/__results___25_1.png)

**Let's See if how many outliers are present in age?**

In [16]:

    
    
    df_age=sorted(df['Age'])
    Q1,Q3=np.percentile(df_age,[25,75])
    IQR= Q3-Q1
    lower_range= Q1-(1.5*IQR)
    upper_range=Q3+(1.5*IQR)
    
    print("Lower Range : ",lower_range)      
    print("Upper Range : ",upper_range)
    df_lower_outliers=df[df.Age<lower_range]
    df_upper_outliers=df[df.Age>upper_range]
    
    
    
    Lower Range :  -11.0
    Upper Range :  85.0
    

In [17]:

    
    
    #NO LOWER OUTLIERS
    df_lower_outliers
    

Out[17]:

| Gender | Age | Driving_License | Region_Code | Previously_Insured | Vehicle_Age | Vehicle_Damage | Annual_Premium | Policy_Sales_Channel | Vintage | Response  
---|---|---|---|---|---|---|---|---|---|---|---  
  
In [18]:

    
    
    #NO UPPER OUTLIERS
    df_upper_outliers
    

Out[18]:

| Gender | Age | Driving_License | Region_Code | Previously_Insured | Vehicle_Age | Vehicle_Damage | Annual_Premium | Policy_Sales_Channel | Vintage | Response  
---|---|---|---|---|---|---|---|---|---|---|---  
  
In [19]:

    
    
    plt.figure(figsize=(20,10))
    plt.text(55,-0.2,"There is not outlier in age feature",fontsize='20',fontweight='bold')
    sns.boxplot(data=df,x="Age",palette='gnuplot')
    

Out[19]:

    
    
    <AxesSubplot:xlabel='Age'>

![](__results___files/__results___30_1.png)

**Let's plot log distribution of age column to see if we can reduce the
skewness**

  * **Log Distribution doesn't make any specific change in the distribution so we will go ahead without doing any changes in Age column**

In [20]:

    
    
    f,ax=plt.subplots(nrows=1,ncols=2,figsize=(20,10))
    sns.histplot(data=df,x=np.log(df["Age"]),palette='gnuplot',kde=True,ax=ax[0],binwidth=0.04)
    sns.histplot(data=df,x=np.log(df["Age"]),palette='gnuplot',kde=True,ax=ax[1],hue="Response",binwidth=0.04)
    

Out[20]:

    
    
    <AxesSubplot:xlabel='Age', ylabel='Count'>

![](__results___files/__results___32_1.png)

**REGION CODE**

  * **This Column is randomly distributed , there is not any significant observation we can get from this feature**
  * **In my opinion we should not work on this feature further**

In [21]:

    
    
    f,ax=plt.subplots(nrows=1,ncols=2,figsize=(15,10))
    ax[0].text(35,70000,"Region_Code is\nrandomly distributed",fontweight='bold',fontsize=12)
    sns.histplot(data=df,x="Region_Code",palette='gnuplot',kde=True,ax=ax[0],binwidth=1)
    ax[1].text(35,70000,"Region_Code is\nrandomly distributed\nwith hueness",fontweight='bold',fontsize=12)
    sns.histplot(data=df,x="Region_Code",palette='gnuplot',kde=True,ax=ax[1],hue="Response",binwidth=1)
    

Out[21]:

    
    
    <AxesSubplot:xlabel='Region_Code', ylabel='Count'>

![](__results___files/__results___34_1.png)

**ANNUAL PREMIUM**

In [22]:

    
    
    f,ax=plt.subplots(nrows=1,ncols=2,figsize=(20,5))
    ax[0].text(300000,30000,"Normally distributed with\nlittle right skewed",fontweight='bold',fontsize=12)
    sns.histplot(data=df,x="Annual_Premium",palette='gnuplot',kde=True,ax=ax[0])
    ax[1].text(300000,30000,"Normally distributed with\nlittle right skewed\nwith hueness",fontweight='bold',fontsize=12)
    sns.histplot(data=df,x="Annual_Premium",palette='gnuplot',kde=True,ax=ax[1],hue="Response")
    

Out[22]:

    
    
    <AxesSubplot:xlabel='Annual_Premium', ylabel='Count'>

![](__results___files/__results___36_1.png)

In [23]:

    
    
    plt.figure(figsize=(20,10))
    plt.text(250000,-0.2,"2.7% data points are upper outliers in Annual_Premium feature",fontsize=15,fontweight='bold')
    sns.boxplot(data=df,x="Annual_Premium",palette='gnuplot')
    

Out[23]:

    
    
    <AxesSubplot:xlabel='Annual_Premium'>

![](__results___files/__results___37_1.png)

In [24]:

    
    
    #IQR (Inter quartile range)
    df_prem=sorted(df['Annual_Premium'])
    Q1,Q3=np.percentile(df_prem,[25,75])
    IQR= Q3-Q1
    lower_range= Q1-(1.5*IQR)
    upper_range=Q3+(1.5*IQR)
    
    print("Lower Range : ",lower_range)      
    print("Upper Range : ",upper_range)
    df_lower_outliers=df[df.Annual_Premium<lower_range]
    df_upper_outliers=df[df.Annual_Premium>upper_range]
    
    
    
    Lower Range :  1912.5
    Upper Range :  61892.5
    

In [25]:

    
    
    #There is not lower outliers
    df_lower_outliers
    

Out[25]:

| Gender | Age | Driving_License | Region_Code | Previously_Insured | Vehicle_Age | Vehicle_Damage | Annual_Premium | Policy_Sales_Channel | Vintage | Response  
---|---|---|---|---|---|---|---|---|---|---|---  
  
In [26]:

    
    
    #There are 10320 people in data whose annual_premium is greater than 61892.5 i.e. 2.7%
    df_upper_outliers
    

Out[26]:

| Gender | Age | Driving_License | Region_Code | Previously_Insured | Vehicle_Age | Vehicle_Damage | Annual_Premium | Policy_Sales_Channel | Vintage | Response  
---|---|---|---|---|---|---|---|---|---|---|---  
25 | Female | 21 | 1 | 28.0 | 1 | < 1 Year | No | 61964.0 | 152.0 | 72 | 0  
37 | Female | 25 | 1 | 28.0 | 1 | < 1 Year | No | 76251.0 | 152.0 | 107 | 0  
67 | Male | 60 | 1 | 28.0 | 0 | 1-2 Year | Yes | 66338.0 | 124.0 | 73 | 0  
139 | Male | 21 | 1 | 29.0 | 1 | < 1 Year | No | 62164.0 | 152.0 | 116 | 0  
149 | Female | 22 | 1 | 11.0 | 1 | < 1 Year | No | 76651.0 | 152.0 | 258 | 0  
... | ... | ... | ... | ... | ... | ... | ... | ... | ... | ... | ...  
380959 | Male | 25 | 1 | 8.0 | 1 | < 1 Year | No | 61909.0 | 152.0 | 161 | 0  
380998 | Female | 33 | 1 | 8.0 | 0 | 1-2 Year | Yes | 101664.0 | 124.0 | 21 | 0  
381035 | Female | 22 | 1 | 11.0 | 1 | < 1 Year | No | 62889.0 | 152.0 | 295 | 0  
381047 | Female | 52 | 1 | 8.0 | 1 | 1-2 Year | No | 71915.0 | 7.0 | 233 | 0  
381079 | Male | 33 | 1 | 28.0 | 0 | < 1 Year | Yes | 69845.0 | 26.0 | 115 | 0  
  
10320 rows Ã 11 columns

  * **Question here is should we remove these ouliers in Annual_Premium data , but I think if a person is paying money more than Rs61892 annually , may he/she is a rich person who is capable of paying that much more money than others**
  * **10392 people are outliers if we remove them we can loss data from the table**
  * **So the conclusion is we won't change anything is annual_premium data**

**VINTAGE**

**This Column is uniformly distributed we can't do nothing much to this
column**

In [27]:

    
    
    f,ax=plt.subplots(nrows=1,ncols=2,figsize=(20,10))
    sns.histplot(data=df,x="Vintage",palette='gnuplot',kde=True,ax=ax[0])
    sns.histplot(data=df,x="Vintage",palette='gnuplot',kde=True,ax=ax[1],hue="Response")
    

Out[27]:

    
    
    <AxesSubplot:xlabel='Vintage', ylabel='Count'>

![](__results___files/__results___44_1.png)

**POLICY SALES CHANNEL**

In [28]:

    
    
    f,ax=plt.subplots(nrows=1,ncols=2,figsize=(20,10))
    ax[0].text(40,100000,"Randomly Distributed",fontweight='bold',fontsize=15)
    sns.histplot(data=df,x="Policy_Sales_Channel",palette='gnuplot',kde=True,ax=ax[0])
    ax[1].text(40,100000,"Randomly Distributed\nwith hueness",fontweight='bold',fontsize=15)
    sns.histplot(data=df,x="Policy_Sales_Channel",palette='gnuplot',kde=True,ax=ax[1],hue="Response")
    

Out[28]:

    
    
    <AxesSubplot:xlabel='Policy_Sales_Channel', ylabel='Count'>

![](__results___files/__results___46_1.png)

**BIVARIATE ANALYSIS**

In [29]:

    
    
    df["Gender"]=df["Gender"].map({"Female":"0","Male":"1"}).astype('int')
    

In [30]:

    
    
    df1=df.copy()
    

In [31]:

    
    
    df1=pd.get_dummies(df1,drop_first=True)
    df1
    

Out[31]:

| Gender | Age | Driving_License | Region_Code | Previously_Insured | Annual_Premium | Policy_Sales_Channel | Vintage | Response | Vehicle_Age_< 1 Year | Vehicle_Age_> 2 Years | Vehicle_Damage_Yes  
---|---|---|---|---|---|---|---|---|---|---|---|---  
0 | 1 | 44 | 1 | 28.0 | 0 | 40454.0 | 26.0 | 217 | 1 | 0 | 1 | 1  
1 | 1 | 76 | 1 | 3.0 | 0 | 33536.0 | 26.0 | 183 | 0 | 0 | 0 | 0  
2 | 1 | 47 | 1 | 28.0 | 0 | 38294.0 | 26.0 | 27 | 1 | 0 | 1 | 1  
3 | 1 | 21 | 1 | 11.0 | 1 | 28619.0 | 152.0 | 203 | 0 | 1 | 0 | 0  
4 | 0 | 29 | 1 | 41.0 | 1 | 27496.0 | 152.0 | 39 | 0 | 1 | 0 | 0  
... | ... | ... | ... | ... | ... | ... | ... | ... | ... | ... | ... | ...  
381104 | 1 | 74 | 1 | 26.0 | 1 | 30170.0 | 26.0 | 88 | 0 | 0 | 0 | 0  
381105 | 1 | 30 | 1 | 37.0 | 1 | 40016.0 | 152.0 | 131 | 0 | 1 | 0 | 0  
381106 | 1 | 21 | 1 | 30.0 | 1 | 35118.0 | 160.0 | 161 | 0 | 1 | 0 | 0  
381107 | 0 | 68 | 1 | 14.0 | 0 | 44617.0 | 124.0 | 74 | 0 | 0 | 1 | 1  
381108 | 1 | 46 | 1 | 29.0 | 0 | 41777.0 | 26.0 | 237 | 0 | 0 | 0 | 0  
  
381109 rows Ã 12 columns

In [32]:

    
    
    df1=df1.rename(columns={"Vehicle_Age_< 1 Year": "Vehicle_Age_1_Year", 
                                "Vehicle_Age_> 2 Years": "Vehicle_Age_2_Year"})
    df1
    

Out[32]:

| Gender | Age | Driving_License | Region_Code | Previously_Insured | Annual_Premium | Policy_Sales_Channel | Vintage | Response | Vehicle_Age_1_Year | Vehicle_Age_2_Year | Vehicle_Damage_Yes  
---|---|---|---|---|---|---|---|---|---|---|---|---  
0 | 1 | 44 | 1 | 28.0 | 0 | 40454.0 | 26.0 | 217 | 1 | 0 | 1 | 1  
1 | 1 | 76 | 1 | 3.0 | 0 | 33536.0 | 26.0 | 183 | 0 | 0 | 0 | 0  
2 | 1 | 47 | 1 | 28.0 | 0 | 38294.0 | 26.0 | 27 | 1 | 0 | 1 | 1  
3 | 1 | 21 | 1 | 11.0 | 1 | 28619.0 | 152.0 | 203 | 0 | 1 | 0 | 0  
4 | 0 | 29 | 1 | 41.0 | 1 | 27496.0 | 152.0 | 39 | 0 | 1 | 0 | 0  
... | ... | ... | ... | ... | ... | ... | ... | ... | ... | ... | ... | ...  
381104 | 1 | 74 | 1 | 26.0 | 1 | 30170.0 | 26.0 | 88 | 0 | 0 | 0 | 0  
381105 | 1 | 30 | 1 | 37.0 | 1 | 40016.0 | 152.0 | 131 | 0 | 1 | 0 | 0  
381106 | 1 | 21 | 1 | 30.0 | 1 | 35118.0 | 160.0 | 161 | 0 | 1 | 0 | 0  
381107 | 0 | 68 | 1 | 14.0 | 0 | 44617.0 | 124.0 | 74 | 0 | 0 | 1 | 1  
381108 | 1 | 46 | 1 | 29.0 | 0 | 41777.0 | 26.0 | 237 | 0 | 0 | 0 | 0  
  
381109 rows Ã 12 columns

In [33]:

    
    
    df1['Vehicle_Age_1_Year']=df1['Vehicle_Age_1_Year'].astype('int')
    df1['Vehicle_Age_2_Year']=df1['Vehicle_Age_2_Year'].astype('int')
    df1['Vehicle_Damage_Yes']=df1['Vehicle_Damage_Yes'].astype('int')
    

In [34]:

    
    
    plt.figure(figsize=(20,10))
    sns.heatmap(df1.corr(),annot=True,cmap="Greens")
    

Out[34]:

    
    
    <AxesSubplot:>

![](__results___files/__results___53_1.png)

**Pairplot**

In [36]:

    
    
    sns.pairplot(data=df1,palette='gnuplot')
    

Out[36]:

    
    
    <seaborn.axisgrid.PairGrid at 0x7fe2f5a99650>

![](__results___files/__results___55_1.png)

# **MODEL AND PREDICTION(WITHOUT OVERSAMPLING)**¶

**IMPORTING LIBRARIES**

In [35]:

    
    
    from sklearn.model_selection import train_test_split , cross_val_score , RandomizedSearchCV,GridSearchCV
    from sklearn.ensemble import RandomForestClassifier
    from sklearn.metrics import f1_score, roc_auc_score,a