    [I 2021-05-09 15:49:40,757] Trial 0 finished with value: 0.837837873991764 and parameters: {'n_estimators': 86, 'max_depth': 8.901775058409324}. Best is trial 0 with value: 0.837837873991764.
    [I 2021-05-09 15:49:55,713] Trial 1 finished with value: 0.8188563006204349 and parameters: {'n_estimators': 58, 'max_depth': 1.4500591297321366}. Best is trial 0 with value: 0.837837873991764.
    [I 2021-05-09 15:54:40,865] Trial 2 finished with value: 0.8707819899975202 and parameters: {'n_estimators': 127, 'max_depth': 27.842519067650432}. Best is trial 2 with value: 0.8707819899975202.
    [I 2021-05-09 15:54:57,294] Trial 3 finished with value: 0.8588651186380071 and parameters: {'n_estimators': 8, 'max_depth': 21.31896083695312}. Best is trial 2 with value: 0.8707819899975202.
    [I 2021-05-09 16:00:35,913] Trial 4 finished with value: 0.8702427146836491 and parameters: {'n_estimators': 154, 'max_depth': 26.588010211892648}. Best is trial 2 with value: 0.8707819899975202.
    [I 2021-05-09 16:00:51,333] Trial 5 finished with value: 0.8194416209143783 and parameters: {'n_estimators': 60, 'max_depth': 1.8460549174816892}. Best is trial 2 with value: 0.8707819899975202.
    [I 2021-05-09 16:05:16,793] Trial 6 finished with value: 0.8476860731715581 and parameters: {'n_estimators': 179, 'max_depth': 13.15670163356654}. Best is trial 2 with value: 0.8707819899975202.
    [I 2021-05-09 16:09:03,269] Trial 7 finished with value: 0.8587639089746709 and parameters: {'n_estimators': 133, 'max_depth': 18.038675286176503}. Best is trial 2 with value: 0.8707819899975202.
    [I 2021-05-09 16:09:39,659] Trial 8 finished with value: 0.8677754773887939 and parameters: {'n_estimators': 17, 'max_depth': 29.455630563449773}. Best is trial 2 with value: 0.8707819899975202.
    [I 2021-05-09 16:09:55,018] Trial 9 finished with value: 0.8162755422160192 and parameters: {'n_estimators': 61, 'max_depth': 1.8323972200090481}. Best is trial 2 with value: 0.8707819899975202.
    [I 2021-05-09 16:10:52,780] Trial 10 finished with value: 0.8278292115257058 and parameters: {'n_estimators': 118, 'max_depth': 3.711569446306145}. Best is trial 2 with value: 0.8707819899975202.
    /opt/conda/lib/python3.7/site-packages/joblib/externals/loky/process_executor.py:691: UserWarning: A worker stopped while some jobs were given to the executor. This can be caused by a too short worker timeout or by a memory leak.
      "timeout or by a memory leak.", UserWarning
    [I 2021-05-09 16:17:39,460] Trial 11 finished with value: 0.8728579902104006 and parameters: {'n_estimators': 176, 'max_depth': 39.98694828880141}. Best is trial 11 with value: 0.8728579902104006.
    [I 2021-05-09 16:24:16,630] Trial 12 finished with value: 0.8722626070786319 and parameters: {'n_estimators': 172, 'max_depth': 36.966621858978236}. Best is trial 11 with value: 0.8728579902104006.
    /opt/conda/lib/python3.7/site-packages/joblib/externals/loky/process_executor.py:691: UserWarning: A worker stopped while some jobs were given to the executor. This can be caused by a too short worker timeout or by a memory leak.
      "timeout or by a memory leak.", UserWarning
    [I 2021-05-09 16:31:52,156] Trial 13 finished with value: 0.8730119587858347 and parameters: {'n_estimators': 197, 'max_depth': 38.80876403690591}. Best is trial 13 with value: 0.8730119587858347.
    [I 2021-05-09 16:39:41,753] Trial 14 finished with value: 0.873158915765287 and parameters: {'n_estimators': 199, 'max_depth': 39.92662510746937}. Best is trial 14 with value: 0.873158915765287.
    [I 2021-05-09 16:41:40,724] Trial 15 finished with value: 0.8292797125488243 and parameters: {'n_estimators': 193, 'max_depth': 4.679175356035404}. Best is trial 14 with value: 0.873158915765287.
    [I 2021-05-09 16:46:18,818] Trial 16 finished with value: 0.8462345780789742 and parameters: {'n_estimators': 200, 'max_depth': 12.025197360468656}. Best is trial 14 with value: 0.873158915765287.
    [I 2021-05-09 16:48:27,305] Trial 17 finished with value: 0.8340752081670738 and parameters: {'n_estimators': 151, 'max_depth': 6.977548647285637}. Best is trial 14 with value: 0.873158915765287.
    [I 2021-05-09 16:53:52,275] Trial 18 finished with value: 0.8541811470143845 and parameters: {'n_estimators': 196, 'max_depth': 16.28898459694941}. Best is trial 14 with value: 0.873158915765287.
    [I 2021-05-09 16:59:52,849] Trial 19 finished with value: 0.8726036610626549 and parameters: {'n_estimators': 153, 'max_depth': 38.923161009511965}. Best is trial 14 with value: 0.873158915765287.
    [I 2021-05-09 17:00:53,072] Trial 20 finished with value: 0.8267422392446739 and parameters: {'n_estimators': 101, 'max_depth': 3.3273429627392916}. Best is trial 14 with value: 0.873158915765287.
    [I 2021-05-09 17:07:47,525] Trial 21 finished with value: 0.8728464262657898 and parameters: {'n_estimators': 175, 'max_depth': 36.54773703143307}. Best is trial 14 with value: 0.873158915765287.
    [I 2021-05-09 17:15:27,783] Trial 22 finished with value: 0.8726725355979255 and parameters: {'n_estimators': 197, 'max_depth': 38.39444322897897}. Best is trial 14 with value: 0.873158915765287.
    [I 2021-05-09 17:21:33,288] Trial 23 finished with value: 0.8668809585693837 and parameters: {'n_estimators': 178, 'max_depth': 23.53960865218307}. Best is trial 14 with value: 0.873158915765287.
    [I 2021-05-09 17:28:12,525] Trial 24 finished with value: 0.8724745052451255 and parameters: {'n_estimators': 162, 'max_depth': 36.39236268777757}. Best is trial 14 with value: 0.873158915765287.
    

In [46]:

    
    
    trial=study.best_trial
    print(trial.values)
    print(trial.params)
    
    
    
    [0.873158915765287]
    {'n_estimators': 199, 'max_depth': 39.92662510746937}
    

In [47]:

    
    
    clf=RandomForestClassifier(n_estimators=199,max_depth=40,class_weight='balanced')
    clf.fit(x_train_sampling,y_train_sampling)
    

Out[47]:

    
    
    RandomForestClassifier(class_weight='balanced', max_depth=40, n_estimators=199)

In [48]:

    
    
    pred=clf.predict(x_test_sam)
    print(accuracy_score(y_test_sam,pred))
    
    
    
    0.8141481462045079
    

In [49]:

    
    
    print(classification_report(y_test_sam,pred))
    
    
    
                  precision    recall  f1-score   support
    
               0       0.92      0.86      0.89     66699
               1       0.33      0.47      0.39      9523
    
        accuracy                           0.81     76222
       macro avg       0.62      0.67      0.64     76222
    weighted avg       0.85      0.81      0.83     76222
    
    

In [66]:

    
    
    print("F1 Score with oversampling : ", f1_score(y_test_sam,pred,average='micro'))
    
    
    
    F1 Score with oversampling :  0.814148146204508
    

In [51]:

    
    
    plt.figure(figsize=(20,10))
    y_score=clf.predict_proba(x_test_sam)[:,1]
    
    fpr,tpr,_=roc_curve(y_test_sam,y_score)
    
    plt.title('Random Forest ROC curve: CC Fraud')
    plt.xlabel('FPR (Precision)')
    plt.ylabel('TPR (Recall)')
    
    plt.plot(fpr,tpr)
    plt.plot((0,1), ls='dashed',color='black')
    plt.show()
    print ('Area under curve (AUC): ', auc(fpr,tpr))
    

![](__results___files/__results___77_0.png)

    
    
    Area under curve (AUC):  0.8324196530302881
    

**LGBM CLASSIFIER**

In [54]:

    
    
    import lightgbm as lgb
    

In [55]:

    
    
    def objective_lgbm(trial):
        
        n_estimators = trial.suggest_int('n_estimators', 2, 300)
        max_depth = int(trial.suggest_loguniform('max_depth', 2, 50))
        learning_rate=trial.suggest_loguniform('learning_rate',0.001,1)
        colsample_bytree=trial.suggest_loguniform("colsample_bytree",0.1, 1)
        num_leaves=trial.suggest_int('num_leaves',10,300)
        reg_alpha= trial.suggest_loguniform('reg_alpha',0.1,1)
        reg_lambda= trial.suggest_loguniform('reg_lambda',0.1,1)
        min_split_gain=trial.suggest_loguniform('min_split_gain',0.1,1)
        subsample=trial.suggest_loguniform('subsample',0.1,1)    
        clf = lgb.LGBMClassifier(n_estimators=n_estimators, max_depth=max_depth,
                                learning_rate=learning_rate,colsample_bytree=colsample_bytree,
                                num_leaves=num_leaves,reg_alpha=reg_alpha,reg_lambda=reg_lambda,
                                min_split_gain=min_split_gain,subsample=subsample)
        
        return cross_val_score(clf, x_train_sampling, y_train_sampling, 
               n_jobs=-1, cv=5,scoring='f1').mean()
    

In [56]:

    
    
    study_lgbm= optuna.create_study(direction='maximize')
    study_lgbm.optimize(objective_lgbm, n_trials=25)
    
    
    
    [I 2021-05-09 17:37:07,477] A new study created in memory with name: no-name-c679617e-df9b-4e13-8ef9-657a6c12ec77
    [I 2021-05-09 17:37:32,803] Trial 0 finished with value: 0.8381231309322779 and parameters: {'n_estimators': 151, 'max_depth': 10.840257161594057, 'learning_rate': 0.002354580659159654, 'colsample_bytree': 0.17358680795684303, 'num_leaves': 175, 'reg_alpha': 0.1164106856595257, 'reg_lambda': 0.13539650968875572, 'min_split_gain': 0.5524600755361536, 'subsample': 0.10994445066476663}. Best is trial 0 with value: 0.8381231309322779.
    [I 2021-05-09 17:37:43,202] Trial 1 finished with value: 0.8268323924817833 and parameters: {'n_estimators': 95, 'max_depth': 2.5846513459761646, 'learning_rate': 0.004793164021605496, 'colsample_bytree': 0.18930529609186827, 'num_leaves': 280, 'reg_alpha': 0.1231641161738522, 'reg_lambda': 0.23596691933222563, 'min_split_gain': 0.5815211317315117, 'subsample': 0.12066805282770775}. Best is trial 0 with value: 0.8381231309322779.
    [I 2021-05-09 17:38:06,285] Trial 2 finished with value: 0.8523177382703773 and parameters: {'n_estimators': 282, 'max_depth': 2.5610112412046244, 'learning_rate': 0.2576127955190999, 'colsample_bytree': 0.9800462590105997, 'num_leaves': 104, 'reg_alpha': 0.38202578778289764, 'reg_lambda': 0.11180308853907653, 'min_split_gain': 0.13728489932295895, 'subsample': 0.10461899726029261}. Best is trial 2 with value: 0.8523177382703773.
    [I 2021-05-09 17:38:12,504] Trial 3 finished with value: 0.8345117952434766 and parameters: {'n_estimators': 32, 'max_depth': 9.139045755301618, 'learning_rate': 0.004589517236618269, 'colsample_bytree': 0.14375047355820397, 'num_leaves': 119, 'reg_alpha': 0.7004537732527438, 'reg_lambda': 0.3798448825969945, 'min_split_gain': 0.10268092410541137, 'subsample': 0.5320890378122876}. Best is trial 2 with value: 0.8523177382703773.
    [I 2021-05-09 17:38:23,660] Trial 4 finished with value: 0.8348708225205336 and parameters: {'n_estimators': 90, 'max_depth': 4.8142451827130115, 'learning_rate': 0.012037380295975224, 'colsample_bytree': 0.1612656632253903, 'num_leaves': 204, 'reg_alpha': 0.1746535264072612, 'reg_lambda': 0.4506937333146839, 'min_split_gain': 0.2742333048683297, 'subsample': 0.32414126417571415}. Best is trial 2 with value: 0.8523177382703773.
    [I 2021-05-09 17:38:49,338] Trial 5 finished with value: 0.8312886472621086 and parameters: {'n_estimators': 300, 'max_depth': 2.2754106185538605, 'learning_rate': 0.018404239416689193, 'colsample_bytree': 0.9907837953391094, 'num_leaves': 103, 'reg_alpha': 0.10141798576377026, 'reg_lambda': 0.15284312202474806, 'min_split_gain': 0.24003868708287274, 'subsample': 0.16518068202017436}. Best is trial 2 with value: 0.8523177382703773.
    [I 2021-05-09 17:38:56,350] Trial 6 finished with value: 0.8491640623165029 and parameters: {'n_estimators': 47, 'max_depth': 34.89535662397981, 'learning_rate': 0.006365215507190477, 'colsample_bytree': 0.10587332687521671, 'num_leaves': 69, 'reg_alpha': 0.224810274430143, 'reg_lambda': 0.12339703600563225, 'min_split_gain': 0.11213557577337126, 'subsample': 0.13054551587101304}. Best is trial 2 with value: 0.8523177382703773.
    [I 2021-05-09 17:39:19,716] Trial 7 finished with value: 0.8257796176941113 and parameters: {'n_estimators': 226, 'max_depth': 2.30490124967715, 'learning_rate': 0.005127356510114252, 'colsample_bytree': 0.3270959929925667, 'num_leaves': 220, 'reg_alpha': 0.11593483602601357, 'reg_lambda': 0.7894483211677599, 'min_split_gain': 0.18903452677106322, 'subsample': 0.15330434527744086}. Best is trial 2 with value: 0.8523177382703773.
    [I 2021-05-09 17:39:57,173] Trial 8 finished with value: 0.8580085726228859 and parameters: {'n_estimators': 251, 'max_depth': 18.92535709867096, 'learning_rate': 0.06053894142022973, 'colsample_bytree': 0.1627863017547368, 'num_leaves': 246, 'reg_alpha': 0.2713577427861103, 'reg_lambda': 0.19759744911001784, 'min_split_gain': 0.6262949830847567, 'subsample': 0.30040211679617124}. Best is trial 8 with value: 0.8580085726228859.
    [I 2021-05-09 17:40:10,305] Trial 9 finished with value: 0.8325902359045949 and parameters: {'n_estimators': 126, 'max_depth': 2.2796009348196398, 'learning_rate': 0.07041284615785724, 'colsample_bytree': 0.2509319682812193, 'num_leaves': 137, 'reg_alpha': 0.16225561090783922, 'reg_lambda': 0.6596342238445715, 'min_split_gain': 0.3801706922651231, 'subsample': 0.14456322445275857}. Best is trial 8 with value: 0.8580085726228859.
    [I 2021-05-09 17:40:29,956] Trial 10 finished with value: 0.8597988466704388 and parameters: {'n_estimators': 213, 'max_depth': 40.51312003957736, 'learning_rate': 0.960341743414073, 'colsample_bytree': 0.42529899897929563, 'num_leaves': 270, 'reg_alpha': 0.4547614488030508, 'reg_lambda': 0.21524990956543036, 'min_split_gain': 0.985162081686779, 'subsample': 0.9443259168120745}. Best is trial 10 with value: 0.8597988466704388.
    [I 2021-05-09 17:40:50,623] Trial 11 finished with value: 0.8594047752522312 and parameters: {'n_estimators': 220, 'max_depth': 45.60950134733337, 'learning_rate': 0.9926816156134736, 'colsample_bytree': 0.462449601476212, 'num_leaves': 277, 'reg_alpha': 0.4337561084008482, 'reg_lambda': 0.21745959247704533, 'min_split_gain': 0.9542679719204908, 'subsample': 0.9328424564173571}. Best is trial 10 with value: 0.8597988466704388.
    [I 2021-05-09 17:41:04,709] Trial 12 finished with value: 0.8611195806576358 and parameters: {'n_estimators': 186, 'max_depth': 48.17243456743291, 'learning_rate': 0.8406915489645652, 'colsample_bytree': 0.5009738261365504, 'num_leaves': 297, 'reg_alpha': 0.4942530120147569, 'reg_lambda': 0.25300864204868156, 'min_split_gain': 0.9827675684870587, 'subsample': 0.9515054857232244}. Best is trial 12 with value: 0.8611195806576358.
    [I 2021-05-09 17:41:18,092] Trial 13 finished with value: 0.8599654171709554 and parameters: {'n_estimators': 175, 'max_depth': 28.43009286226925, 'learning_rate': 0.9547835826698752, 'colsample_bytree': 0.5909673086350568, 'num_leaves': 295, 'reg_alpha': 0.6926157533920996, 'reg_lambda': 0.3062357550127124, 'min_split_gain': 0.9865677273661274, 'subsample': 0.9989072297496047}. Best is trial 12 with value: 0.8611195806576358.
    [I 2021-05-09 17:41:33,246] Trial 14 finished with value: 0.863973323232709 and parameters: {'n_estimators': 169, 'max_depth': 24.681798114378804, 'learning_rate': 0.293430053517273, 'colsample_bytree': 0.6351797917280241, 'num_leaves': 297, 'reg_alpha': 0.8540032469937174, 'reg_lambda': 0.3147166600891706, 'min_split_gain': 0.8044277832700836, 'subsample': 0.616816983171155}. Best is trial 14 with value: 0.863973323232709.
    [I 2021-05-09 17:41:52,945] Trial 15 finished with value: 0.8589779988110081 and parameters: {'n_estimators': 181, 'max_depth': 21.56546839576109, 'learning_rate': 0.2786069262888723, 'colsample_bytree': 0.6389471601317614, 'num_leaves': 26, 'reg_alpha': 0.9946002611332095, 'reg_lambda': 0.5601644812659253, 'min_split_gain': 0.756178585728049, 'subsample': 0.638816087899147}. Best is trial 14 with value: 0.863973323232709.
    [I 2021-05-09 17:42:08,027] Trial 16 finished with value: 0.86501122330564 and parameters: {'n_estimators': 124, 'max_depth': 14.201782799798677, 'learning_rate': 0.3108660990509291, 'colsample_bytree': 0.7599669874872153, 'num_leaves': 234, 'reg_alpha': 0.9992633895840847, 'reg_lambda': 0.30252702760549516, 'min_split_gain': 0.41486581521184074, 'subsample': 0.6436239490668326}. Best is trial 16 with value: 0.86501122330564.
    [I 2021-05-09 17:42:24,761] Trial 17 finished with value: 0.8649096058355757 and parameters: {'n_estimators': 116, 'max_depth': 12.131045332677749, 'learning_rate': 0.27334777148625605, 'colsample_bytree': 0.75842451057526, 'num_leaves': 221, 'reg_alpha': 0.9026104492665376, 'reg_lambda': 0.3305344878768581, 'min_split_gain': 0.42919405608477784, 'subsample': 0.6274654737633567}. Best is trial 16 with value: 0.86501122330564.
    [I 2021-05-09 17:42:44,554] Trial 18 finished with value: 0.8629888962221696 and parameters: {'n_estimators': 103, 'max_depth': 12.553988558087042, 'learning_rate': 0.11453285424703373, 'colsample_bytree': 0.8071129802627681, 'num_leaves': 178, 'reg_alpha': 0.9626866952224316, 'reg_lambda': 0.4708977251661663, 'min_split_gain': 0.3856944938367548, 'subsample': 0.4283600584848902}. Best is trial 16 with value: 0.86501122330564.
    [I 2021-05-09 17:42:53,428] Trial 19 finished with value: 0.8588190444554356 and parameters: {'n_estimators': 54, 'max_depth': 6.06552931028903, 'learning_rate': 0.4389263751305414, 'colsample_bytree': 0.8180215003088077, 'num_leaves': 226, 'reg_alpha': 0.673636074716871, 'reg_lambda': 0.3855734086356349, 'min_split_gain': 0.39375077842786577, 'subsample': 0.7050393730524567}. Best is trial 16 with value: 0.86501122330564.
    [I 2021-05-09 17:43:17,318] Trial 20 finished with value: 0.8596929722213741 and parameters: {'n_estimators': 128, 'max_depth': 15.16863075728376, 'learning_rate': 0.13511257250965114, 'colsample_bytree': 0.3538501697952077, 'num_leaves': 243, 'reg_alpha': 0.5707937213709791, 'reg_lambda': 0.16778426074214572, 'min_split_gain': 0.4724811759248088, 'subsample': 0.4486383151954709}. Best is trial 16 with value: 0.86501122330564.
    [I 2021-05-09 17:43:32,278] Trial 21 finished with value: 0.8613099877991608 and parameters: {'n_estimators': 145, 'max_depth': 8.005119865743914, 'learning_rate': 0.4175035616389096, 'colsample_bytree': 0.7360071733585241, 'num_leaves': 198, 'reg_alpha': 0.9762452948507102, 'reg_lambda': 0.3130726574850227, 'min_split_gain': 0.7015889552162374, 'subsample': 0.7215774808109015}. Best is trial 16 with value: 0.86501122330564.
    [I 2021-05-09 17:43:49,170] Trial 22 finished with value: 0.8653959638706871 and parameters: {'n_estimators': 83, 'max_depth': 25.189253756735123, 'learning_rate': 0.17179233498193255, 'colsample_bytree': 0.6038190843157162, 'num_leaves': 254, 'reg_alpha': 0.838971567767778, 'reg_lambda': 0.2832341981958901, 'min_split_gain': 0.3099589058884009, 'subsample': 0.5504932545076727}. Best is trial 22 with value: 0.8653959638706871.
    [I 2021-05-09 17:44:04,290] Trial 23 finished with value: 0.8649167696454276 and parameters: {'n_estimators': 65, 'max_depth': 15.571357792236947, 'learning_rate': 0.1522623090564574, 'colsample_bytree': 0.9255121624756031, 'num_leaves': 253, 'reg_alpha': 0.8186373287577872, 'reg_lambda': 0.26668920169391913, 'min_split_gain': 0.3147819378783185, 'subsample': 0.2973604172270439}. Best is trial 22 with value: 0.8653959638706871.
