    [I 2020-11-28 23:04:31,018] Trial 0 finished with value: 0.0 and parameters: {'max_depth': 6, 'n_estimators': 49, 'min_samples_leaf': 6}. Best is trial 0 with value: 0.0.
    [I 2020-11-28 23:04:37,821] Trial 1 finished with value: 0.0 and parameters: {'max_depth': 2, 'n_estimators': 69, 'min_samples_leaf': 4}. Best is trial 0 with value: 0.0.
    [I 2020-11-28 23:04:40,707] Trial 2 finished with value: 0.0 and parameters: {'max_depth': 3, 'n_estimators': 23, 'min_samples_leaf': 3}. Best is trial 0 with value: 0.0.
    [I 2020-11-28 23:04:59,385] Trial 3 finished with value: 0.0 and parameters: {'max_depth': 6, 'n_estimators': 89, 'min_samples_leaf': 7}. Best is trial 0 with value: 0.0.
    [I 2020-11-28 23:05:07,958] Trial 4 finished with value: 0.0 and parameters: {'max_depth': 2, 'n_estimators': 90, 'min_samples_leaf': 2}. Best is trial 0 with value: 0.0.
    [I 2020-11-28 23:05:15,685] Trial 5 finished with value: 0.0 and parameters: {'max_depth': 2, 'n_estimators': 83, 'min_samples_leaf': 6}. Best is trial 0 with value: 0.0.
    [I 2020-11-28 23:05:25,479] Trial 6 finished with value: 0.0 and parameters: {'max_depth': 3, 'n_estimators': 79, 'min_samples_leaf': 9}. Best is trial 0 with value: 0.0.
    [I 2020-11-28 23:05:44,942] Trial 7 finished with value: 0.0 and parameters: {'max_depth': 3, 'n_estimators': 150, 'min_samples_leaf': 4}. Best is trial 0 with value: 0.0.
    [I 2020-11-28 23:06:04,359] Trial 8 finished with value: 0.0 and parameters: {'max_depth': 2, 'n_estimators': 199, 'min_samples_leaf': 1}. Best is trial 0 with value: 0.0.
    [I 2020-11-28 23:06:20,695] Trial 9 finished with value: 0.0 and parameters: {'max_depth': 4, 'n_estimators': 101, 'min_samples_leaf': 9}. Best is trial 0 with value: 0.0.
    [I 2020-11-28 23:06:23,123] Trial 10 finished with value: 0.0 and parameters: {'max_depth': 7, 'n_estimators': 10, 'min_samples_leaf': 7}. Best is trial 0 with value: 0.0.
    [I 2020-11-28 23:06:32,773] Trial 11 finished with value: 0.0 and parameters: {'max_depth': 6, 'n_estimators': 44, 'min_samples_leaf': 5}. Best is trial 0 with value: 0.0.
    [I 2020-11-28 23:06:42,285] Trial 12 finished with value: 0.0 and parameters: {'max_depth': 5, 'n_estimators': 50, 'min_samples_leaf': 4}. Best is trial 0 with value: 0.0.
    [I 2020-11-28 23:07:13,804] Trial 13 finished with value: 0.0 and parameters: {'max_depth': 7, 'n_estimators': 125, 'min_samples_leaf': 6}. Best is trial 0 with value: 0.0.
    [I 2020-11-28 23:07:20,795] Trial 14 finished with value: 0.0 and parameters: {'max_depth': 5, 'n_estimators': 38, 'min_samples_leaf': 4}. Best is trial 0 with value: 0.0.
    [I 2020-11-28 23:07:35,190] Trial 15 finished with value: 0.0 and parameters: {'max_depth': 6, 'n_estimators': 66, 'min_samples_leaf': 8}. Best is trial 0 with value: 0.0.
    [I 2020-11-28 23:07:35,671] Trial 16 finished with value: 0.0 and parameters: {'max_depth': 4, 'n_estimators': 3, 'min_samples_leaf': 2}. Best is trial 0 with value: 0.0.
    [I 2020-11-28 23:07:41,039] Trial 17 finished with value: 0.0 and parameters: {'max_depth': 5, 'n_estimators': 28, 'min_samples_leaf': 5}. Best is trial 0 with value: 0.0.
    [I 2020-11-28 23:08:11,497] Trial 18 finished with value: 0.0 and parameters: {'max_depth': 6, 'n_estimators': 142, 'min_samples_leaf': 10}. Best is trial 0 with value: 0.0.
    [I 2020-11-28 23:08:12,475] Trial 19 finished with value: 0.0 and parameters: {'max_depth': 4, 'n_estimators': 6, 'min_samples_leaf': 1}. Best is trial 0 with value: 0.0.
    [I 2020-11-28 23:08:17,128] Trial 20 finished with value: 0.0 and parameters: {'max_depth': 5, 'n_estimators': 25, 'min_samples_leaf': 5}. Best is trial 0 with value: 0.0.
    [I 2020-11-28 23:08:50,238] Trial 21 finished with value: 0.0 and parameters: {'max_depth': 6, 'n_estimators': 159, 'min_samples_leaf': 10}. Best is trial 0 with value: 0.0.
    [I 2020-11-28 23:09:30,914] Trial 22 finished with value: 0.0 and parameters: {'max_depth': 7, 'n_estimators': 177, 'min_samples_leaf': 10}. Best is trial 0 with value: 0.0.
    [I 2020-11-28 23:09:32,773] Trial 23 finished with value: 0.0 and parameters: {'max_depth': 4, 'n_estimators': 12, 'min_samples_leaf': 1}. Best is trial 0 with value: 0.0.
    [I 2020-11-28 23:09:56,256] Trial 24 finished with value: 0.0 and parameters: {'max_depth': 6, 'n_estimators': 111, 'min_samples_leaf': 7}. Best is trial 0 with value: 0.0.
    [I 2020-11-28 23:10:40,739] Trial 25 finished with value: 0.0 and parameters: {'max_depth': 7, 'n_estimators': 194, 'min_samples_leaf': 10}. Best is trial 0 with value: 0.0.
    [I 2020-11-28 23:11:22,502] Trial 26 finished with value: 0.0 and parameters: {'max_depth': 7, 'n_estimators': 178, 'min_samples_leaf': 8}. Best is trial 0 with value: 0.0.
    [I 2020-11-28 23:11:39,974] Trial 27 finished with value: 0.0 and parameters: {'max_depth': 4, 'n_estimators': 114, 'min_samples_leaf': 7}. Best is trial 0 with value: 0.0.
    [I 2020-11-28 23:12:10,579] Trial 28 finished with value: 0.0 and parameters: {'max_depth': 7, 'n_estimators': 129, 'min_samples_leaf': 8}. Best is trial 0 with value: 0.0.
    [I 2020-11-28 23:12:58,557] Trial 29 finished with value: 0.0 and parameters: {'max_depth': 7, 'n_estimators': 199, 'min_samples_leaf': 9}. Best is trial 0 with value: 0.0.
    [I 2020-11-28 23:13:10,576] Trial 30 finished with value: 0.0 and parameters: {'max_depth': 5, 'n_estimators': 65, 'min_samples_leaf': 8}. Best is trial 0 with value: 0.0.
    [I 2020-11-28 23:13:40,151] Trial 31 finished with value: 0.0 and parameters: {'max_depth': 7, 'n_estimators': 126, 'min_samples_leaf': 8}. Best is trial 0 with value: 0.0.
    [I 2020-11-28 23:14:08,075] Trial 32 finished with value: 0.0 and parameters: {'max_depth': 7, 'n_estimators': 118, 'min_samples_leaf': 9}. Best is trial 0 with value: 0.0.
    [I 2020-11-28 23:14:21,600] Trial 33 finished with value: 0.0 and parameters: {'max_depth': 6, 'n_estimators': 65, 'min_samples_leaf': 8}. Best is trial 0 with value: 0.0.
    [I 2020-11-28 23:14:33,576] Trial 34 finished with value: 0.0 and parameters: {'max_depth': 5, 'n_estimators': 66, 'min_samples_leaf': 9}. Best is trial 0 with value: 0.0.
    [I 2020-11-28 23:14:37,879] Trial 35 finished with value: 0.0 and parameters: {'max_depth': 5, 'n_estimators': 23, 'min_samples_leaf': 3}. Best is trial 0 with value: 0.0.
    [I 2020-11-28 23:15:13,984] Trial 36 finished with value: 0.0 and parameters: {'max_depth': 6, 'n_estimators': 169, 'min_samples_leaf': 5}. Best is trial 0 with value: 0.0.
    [I 2020-11-28 23:15:50,003] Trial 37 finished with value: 0.0 and parameters: {'max_depth': 6, 'n_estimators': 169, 'min_samples_leaf': 6}. Best is trial 0 with value: 0.0.
    [I 2020-11-28 23:16:10,239] Trial 38 finished with value: 0.0 and parameters: {'max_depth': 3, 'n_estimators': 153, 'min_samples_leaf': 10}. Best is trial 0 with value: 0.0.
    [I 2020-11-28 23:16:39,240] Trial 39 finished with value: 0.0 and parameters: {'max_depth': 4, 'n_estimators': 185, 'min_samples_leaf': 2}. Best is trial 0 with value: 0.0.
    [I 2020-11-28 23:17:00,668] Trial 40 finished with value: 0.0 and parameters: {'max_depth': 6, 'n_estimators': 100, 'min_samples_leaf': 7}. Best is trial 0 with value: 0.0.
    [I 2020-11-28 23:17:46,504] Trial 41 finished with value: 0.0 and parameters: {'max_depth': 7, 'n_estimators': 196, 'min_samples_leaf': 6}. Best is trial 0 with value: 0.0.
    [I 2020-11-28 23:17:59,520] Trial 42 finished with value: 0.0 and parameters: {'max_depth': 7, 'n_estimators': 53, 'min_samples_leaf': 7}. Best is trial 0 with value: 0.0.
    [I 2020-11-28 23:18:23,067] Trial 43 finished with value: 0.0 and parameters: {'max_depth': 3, 'n_estimators': 188, 'min_samples_leaf': 7}. Best is trial 0 with value: 0.0.
    [I 2020-11-28 23:18:48,610] Trial 44 finished with value: 0.0 and parameters: {'max_depth': 7, 'n_estimators': 108, 'min_samples_leaf': 7}. Best is trial 0 with value: 0.0.
    [I 2020-11-28 23:19:06,005] Trial 45 finished with value: 0.0 and parameters: {'max_depth': 6, 'n_estimators': 80, 'min_samples_leaf': 6}. Best is trial 0 with value: 0.0.
    [I 2020-11-28 23:19:40,389] Trial 46 finished with value: 0.0 and parameters: {'max_depth': 7, 'n_estimators': 140, 'min_samples_leaf': 8}. Best is trial 0 with value: 0.0.
    [I 2020-11-28 23:20:02,765] Trial 47 finished with value: 0.0 and parameters: {'max_depth': 7, 'n_estimators': 91, 'min_samples_leaf': 8}. Best is trial 0 with value: 0.0.
    [I 2020-11-28 23:20:36,555] Trial 48 finished with value: 0.0 and parameters: {'max_depth': 7, 'n_estimators': 136, 'min_samples_leaf': 9}. Best is trial 0 with value: 0.0.
    [I 2020-11-28 23:20:56,051] Trial 49 finished with value: 0.0 and parameters: {'max_depth': 4, 'n_estimators': 128, 'min_samples_leaf': 9}. Best is trial 0 with value: 0.0.
    [I 2020-11-28 23:21:05,627] Trial 50 finished with value: 0.0 and parameters: {'max_depth': 5, 'n_estimators': 56, 'min_samples_leaf': 8}. Best is trial 0 with value: 0.0.
    [I 2020-11-28 23:21:11,063] Trial 51 finished with value: 0.0 and parameters: {'max_depth': 4, 'n_estimators': 38, 'min_samples_leaf': 8}. Best is trial 0 with value: 0.0.
    [I 2020-11-28 23:21:37,093] Trial 52 finished with value: 0.0 and parameters: {'max_depth': 7, 'n_estimators': 118, 'min_samples_leaf': 9}. Best is trial 0 with value: 0.0.
    [I 2020-11-28 23:21:58,037] Trial 53 finished with value: 0.0 and parameters: {'max_depth': 7, 'n_estimators': 93, 'min_samples_leaf': 9}. Best is trial 0 with value: 0.0.
    [I 2020-11-28 23:22:12,217] Trial 54 finished with value: 0.0 and parameters: {'max_depth': 6, 'n_estimators': 70, 'min_samples_leaf': 9}. Best is trial 0 with value: 0.0.
    [I 2020-11-28 23:22:27,019] Trial 55 finished with value: 0.0 and parameters: {'max_depth': 6, 'n_estimators': 74, 'min_samples_leaf': 8}. Best is trial 0 with value: 0.0.
    [I 2020-11-28 23:22:37,745] Trial 56 finished with value: 0.0 and parameters: {'max_depth': 5, 'n_estimators': 62, 'min_samples_leaf': 9}. Best is trial 0 with value: 0.0.
    [I 2020-11-28 23:22:48,234] Trial 57 finished with value: 0.0 and parameters: {'max_depth': 5, 'n_estimators': 62, 'min_samples_leaf': 9}. Best is trial 0 with value: 0.0.
    [I 2020-11-28 23:22:53,668] Trial 58 finished with value: 0.0 and parameters: {'max_depth': 5, 'n_estimators': 32, 'min_samples_leaf': 3}. Best is trial 0 with value: 0.0.
    [I 2020-11-28 23:22:56,961] Trial 59 finished with value: 0.0 and parameters: {'max_depth': 6, 'n_estimators': 17, 'min_samples_leaf': 3}. Best is trial 0 with value: 0.0.
    [I 2020-11-28 23:23:05,511] Trial 60 finished with value: 0.0 and parameters: {'max_depth': 6, 'n_estimators': 44, 'min_samples_leaf': 4}. Best is trial 0 with value: 0.0.
    [I 2020-11-28 23:23:14,481] Trial 61 finished with value: 0.0 and parameters: {'max_depth': 6, 'n_estimators': 46, 'min_samples_leaf': 5}. Best is trial 0 with value: 0.0.
    [I 2020-11-28 23:23:30,662] Trial 62 finished with value: 0.0 and parameters: {'max_depth': 2, 'n_estimators': 166, 'min_samples_leaf': 6}. Best is trial 0 with value: 0.0.
    [I 2020-11-28 23:23:51,155] Trial 63 finished with value: 0.0 and parameters: {'max_depth': 3, 'n_estimators': 158, 'min_samples_leaf': 5}. Best is trial 0 with value: 0.0.
    [I 2020-11-28 23:24:12,943] Trial 64 finished with value: 0.0 and parameters: {'max_depth': 3, 'n_estimators': 172, 'min_samples_leaf': 2}. Best is trial 0 with value: 0.0.
    [I 2020-11-28 23:24:46,932] Trial 65 finished with value: 0.0 and parameters: {'max_depth': 5, 'n_estimators': 182, 'min_samples_leaf': 2}. Best is trial 0 with value: 0.0.
    [I 2020-11-28 23:25:02,535] Trial 66 finished with value: 0.0 and parameters: {'max_depth': 2, 'n_estimators': 158, 'min_samples_leaf': 4}. Best is trial 0 with value: 0.0.
    [I 2020-11-28 23:25:37,777] Trial 67 finished with value: 0.0 and parameters: {'max_depth': 6, 'n_estimators': 167, 'min_samples_leaf': 3}. Best is trial 0 with value: 0.0.
    [I 2020-11-28 23:26:01,913] Trial 68 finished with value: 0.0 and parameters: {'max_depth': 3, 'n_estimators': 191, 'min_samples_leaf': 6}. Best is trial 0 with value: 0.0.
    [I 2020-11-28 23:26:33,022] Trial 69 finished with value: 0.0 and parameters: {'max_depth': 6, 'n_estimators': 152, 'min_samples_leaf': 6}. Best is trial 0 with value: 0.0.
    [I 2020-11-28 23:27:02,553] Trial 70 finished with value: 0.0 and parameters: {'max_depth': 4, 'n_estimators': 199, 'min_samples_leaf': 7}. Best is trial 0 with value: 0.0.
    [I 2020-11-28 23:27:22,075] Trial 71 finished with value: 0.0 and parameters: {'max_depth': 4, 'n_estimators': 137, 'min_samples_leaf': 8}. Best is trial 0 with value: 0.0.
    [I 2020-11-28 23:27:42,520] Trial 72 finished with value: 0.0 and parameters: {'max_depth': 4, 'n_estimators': 143, 'min_samples_leaf': 8}. Best is trial 0 with value: 0.0.
    [I 2020-11-28 23:28:11,539] Trial 73 finished with value: 0.0 and parameters: {'max_depth': 7, 'n_estimators': 134, 'min_samples_leaf': 10}. Best is trial 0 with value: 0.0.
    [I 2020-11-28 23:28:32,162] Trial 74 finished with value: 0.0 and parameters: {'max_depth': 7, 'n_estimators': 96, 'min_samples_leaf': 9}. Best is trial 0 with value: 0.0.
    [I 2020-11-28 23:28:44,505] Trial 75 finished with value: 0.0 and parameters: {'max_depth': 4, 'n_estimators': 87, 'min_samples_leaf': 9}. Best is trial 0 with value: 0.0.
    [I 2020-11-28 23:29:02,028] Trial 76 finished with value: 0.0 and parameters: {'max_depth': 4, 'n_estimators': 119, 'min_samples_leaf': 9}. Best is trial 0 with value: 0.0.
    [I 2020-11-28 23:29:10,073] Trial 77 finished with value: 0.0 and parameters: {'max_depth': 4, 'n_estimators': 56, 'min_samples_leaf': 10}. Best is trial 0 with value: 0.0.
    [I 2020-11-28 23:29:23,036] Trial 78 finished with value: 0.0 and parameters: {'max_depth': 5, 'n_estimators': 75, 'min_samples_leaf': 9}. Best is trial 0 with value: 0.0.
    [I 2020-11-28 23:29:32,661] Trial 79 finished with value: 0.0 and parameters: {'max_depth': 5, 'n_estimators': 57, 'min_samples_leaf': 8}. Best is trial 0 with value: 0.0.
    [I 2020-11-28 23:29:45,009] Trial 80 finished with value: 0.0 and parameters: {'max_depth': 5, 'n_estimators': 74, 'min_samples_leaf': 9}. Best is trial 0 with value: 0.0.
    [I 2020-11-28 23:29:50,779] Trial 81 finished with value: 0.0 and parameters: {'max_depth': 5, 'n_estimators': 35, 'min_samples_leaf': 10}. Best is trial 0 with value: 0.0.
    [I 2020-11-28 23:29:53,787] Trial 82 finished with value: 0.0 and parameters: {'max_depth': 6, 'n_estimators': 15, 'min_samples_leaf': 3}. Best is trial 0 with value: 0.0.
    [I 2020-11-28 23:29:59,972] Trial 83 finished with value: 0.0 and parameters: {'max_depth': 6, 'n_estimators': 33, 'min_samples_leaf': 3}. Best is trial 0 with value: 0.0.
    [I 2020-11-28 23:30:08,309] Trial 84 finished with value: 0.0 and parameters: {'max_depth': 6, 'n_estimators': 44, 'min_samples_leaf': 4}. Best is trial 0 with value: 0.0.
    [I 2020-11-28 23:30:19,759] Trial 85 finished with value: 0.0 and parameters: {'max_depth': 6, 'n_estimators': 61, 'min_samples_leaf': 3}. Best is trial 0 with value: 0.0.
    [I 2020-11-28 23:30:28,572] Trial 86 finished with value: 0.0 and parameters: {'max_depth': 6, 'n_estimators': 47, 'min_samples_leaf': 4}. Best is trial 0 with value: 0.0.
    [I 2020-11-28 23:30:33,879] Trial 87 finished with value: 0.0 and parameters: {'max_depth': 5, 'n_estimators': 30, 'min_samples_leaf': 5}. Best is trial 0 with value: 0.0.
    [I 2020-11-28 23:30:35,493] Trial 88 finished with value: 0.0 and parameters: {'max_depth': 2, 'n_estimators': 17, 'min_samples_leaf': 5}. Best is trial 0 with value: 0.0.
    [I 2020-11-28 23:30:43,930] Trial 89 finished with value: 0.0 and parameters: {'max_depth': 5, 'n_estimators': 48, 'min_samples_leaf': 5}. Best is trial 0 with value: 0.0.
    [I 2020-11-28 23:30:48,890] Trial 90 finished with value: 0.0 and parameters: {'max_depth': 3, 'n_estimators': 42, 'min_samples_leaf': 2}. Best is trial 0 with value: 0.0.
    [I 2020-11-28 23:31:05,502] Trial 91 finished with value: 0.0 and parameters: {'max_depth': 2, 'n_estimators': 180, 'min_samples_leaf': 2}. Best is trial 0 with value: 0.0.
    [I 2020-11-28 23:31:19,946] Trial 92 finished with value: 0.0 and parameters: {'max_depth': 2, 'n_estimators': 157, 'min_samples_leaf': 4}. Best is trial 0 with value: 0.0.
    [I 2020-11-28 23:31:34,997] Trial 93 finished with value: 0.0 and parameters: {'max_depth': 2, 'n_estimators': 163, 'min_samples_leaf': 4}. Best is trial 0 with value: 0.0.
    [I 2020-11-28 23:31:50,571] Trial 94 finished with value: 0.0 and parameters: {'max_depth': 2, 'n_estimators': 170, 'min_samples_leaf': 2}. Best is trial 0 with value: 0.0.
    [I 2020-11-28 23:32:12,348] Trial 95 finished with value: 0.0 and parameters: {'max_depth': 3, 'n_estimators': 189, 'min_samples_leaf': 6}. Best is trial 0 with value: 0.0.
    [I 2020-11-28 23:32:30,043] Trial 96 finished with value: 0.0 and parameters: {'max_depth': 3, 'n_estimators': 150, 'min_samples_leaf': 6}. Best is trial 0 with value: 0.0.
    [I 2020-11-28 23:32:51,235] Trial 97 finished with value: 0.0 and parameters: {'max_depth': 3, 'n_estimators': 174, 'min_samples_leaf': 1}. Best is trial 0 with value: 0.0.
    [I 2020-11-28 23:33:11,161] Trial 98 finished with value: 0.0 and parameters: {'max_depth': 3, 'n_estimators': 165, 'min_samples_leaf': 6}. Best is trial 0 with value: 0.0.
