    [I 2020-11-28 23:33:29,144] Trial 99 finished with value: 0.0 and parameters: {'max_depth': 3, 'n_estimators': 147, 'min_samples_leaf': 7}. Best is trial 0 with value: 0.0.
    
    
    
    Optimized RF accuracy:  0.876571068720317
    Optimized RF f1-score: 0.0
    

In [56]:

    
    
    plot_confusion_matrix(y_test, preds)
    

![](__results___files/__results___70_0.png)

In [57]:

    
    
    def recall_score(y_true, y_pred):
        true_positives = K.sum(K.round(K.clip(y_true * y_pred, 0, 1)))
        possible_positives = K.sum(K.round(K.clip(y_true, 0, 1)))
        recall = true_positives / (possible_positives + K.epsilon())
        return recall
    
    def precision_score(y_true, y_pred):
        true_positives = K.sum(K.round(K.clip(y_true * y_pred, 0, 1)))
        predicted_positives = K.sum(K.round(K.clip(y_pred, 0, 1)))
        precision = true_positives / (predicted_positives + K.epsilon())
        return precision
    
    def keras_f1_score(y_true, y_pred):
        precision = precision_score(y_true, y_pred)
        recall = recall_score(y_true, y_pred)
        return 2*((precision*recall)/(precision+recall+K.epsilon()))
    

In [58]:

    
    
    def create_model():
        model = tf.keras.Sequential([
            tf.keras.layers.Input(7),
            tf.keras.layers.BatchNormalization(),
            tf.keras.layers.Dense(30, activation="relu"),
            tf.keras.layers.BatchNormalization(),
            tf.keras.layers.Dropout(0.3),
            tf.keras.layers.Dense(2, activation='softmax')
        ])
        model.compile(
            loss=tf.keras.losses.binary_crossentropy, 
            optimizer=tf.keras.optimizers.Adam(learning_rate=0.001),
            metrics=[keras_f1_score]
        )
        return model
    

In [59]:

    
    
    y_nn_train = to_categorical(y_train)
    

In [60]:

    
    
    class_weight = {
        0: 1.,
        1: 8.
    }
    

In [61]:

    
    
    model = create_model()
    model.fit(X_train, y_nn_train, validation_split=0.2, epochs=35, batch_size=256, verbose=2, class_weight=class_weight)
    
    
    
    Epoch 1/35
    953/953 - 2s - loss: 0.9532 - keras_f1_score: 0.6504 - val_loss: 0.5524 - val_keras_f1_score: 0.6382
    Epoch 2/35
    953/953 - 2s - loss: 0.8204 - keras_f1_score: 0.6696 - val_loss: 0.5035 - val_keras_f1_score: 0.6540
    Epoch 3/35
    953/953 - 2s - loss: 0.8107 - keras_f1_score: 0.6734 - val_loss: 0.5313 - val_keras_f1_score: 0.6708
    Epoch 4/35
    953/953 - 2s - loss: 0.8066 - keras_f1_score: 0.6750 - val_loss: 0.4840 - val_keras_f1_score: 0.6830
    Epoch 5/35
    953/953 - 2s - loss: 0.8054 - keras_f1_score: 0.6760 - val_loss: 0.5105 - val_keras_f1_score: 0.6792
    Epoch 6/35
    953/953 - 2s - loss: 0.8027 - keras_f1_score: 0.6754 - val_loss: 0.4814 - val_keras_f1_score: 0.6916
    Epoch 7/35
    953/953 - 2s - loss: 0.8008 - keras_f1_score: 0.6765 - val_loss: 0.4944 - val_keras_f1_score: 0.6783
    Epoch 8/35
    953/953 - 2s - loss: 0.8006 - keras_f1_score: 0.6763 - val_loss: 0.5211 - val_keras_f1_score: 0.6653
    Epoch 9/35
    953/953 - 2s - loss: 0.7995 - keras_f1_score: 0.6764 - val_loss: 0.5019 - val_keras_f1_score: 0.6718
    Epoch 10/35
    953/953 - 2s - loss: 0.7999 - keras_f1_score: 0.6764 - val_loss: 0.5066 - val_keras_f1_score: 0.6750
    Epoch 11/35
    953/953 - 2s - loss: 0.7978 - keras_f1_score: 0.6778 - val_loss: 0.5176 - val_keras_f1_score: 0.6732
    Epoch 12/35
    953/953 - 2s - loss: 0.7989 - keras_f1_score: 0.6773 - val_loss: 0.4879 - val_keras_f1_score: 0.6752
    Epoch 13/35
    953/953 - 2s - loss: 0.7991 - keras_f1_score: 0.6764 - val_loss: 0.5006 - val_keras_f1_score: 0.6753
    Epoch 14/35
    953/953 - 2s - loss: 0.7974 - keras_f1_score: 0.6789 - val_loss: 0.4992 - val_keras_f1_score: 0.6791
    Epoch 15/35
    953/953 - 2s - loss: 0.7977 - keras_f1_score: 0.6765 - val_loss: 0.5017 - val_keras_f1_score: 0.6854
    Epoch 16/35
    953/953 - 2s - loss: 0.7971 - keras_f1_score: 0.6763 - val_loss: 0.4859 - val_keras_f1_score: 0.6839
    Epoch 17/35
    953/953 - 2s - loss: 0.7979 - keras_f1_score: 0.6772 - val_loss: 0.5105 - val_keras_f1_score: 0.6653
    Epoch 18/35
    953/953 - 2s - loss: 0.7977 - keras_f1_score: 0.6759 - val_loss: 0.5035 - val_keras_f1_score: 0.6846
    Epoch 19/35
    953/953 - 2s - loss: 0.7970 - keras_f1_score: 0.6756 - val_loss: 0.5063 - val_keras_f1_score: 0.6826
    Epoch 20/35
    953/953 - 2s - loss: 0.7960 - keras_f1_score: 0.6775 - val_loss: 0.5181 - val_keras_f1_score: 0.6737
    Epoch 21/35
    953/953 - 2s - loss: 0.7968 - keras_f1_score: 0.6760 - val_loss: 0.5126 - val_keras_f1_score: 0.6764
    Epoch 22/35
    953/953 - 2s - loss: 0.7966 - keras_f1_score: 0.6772 - val_loss: 0.4837 - val_keras_f1_score: 0.6871
    Epoch 23/35
    953/953 - 2s - loss: 0.7965 - keras_f1_score: 0.6777 - val_loss: 0.4970 - val_keras_f1_score: 0.6757
    Epoch 24/35
    953/953 - 2s - loss: 0.7959 - keras_f1_score: 0.6775 - val_loss: 0.5004 - val_keras_f1_score: 0.6742
    Epoch 25/35
    953/953 - 2s - loss: 0.7962 - keras_f1_score: 0.6765 - val_loss: 0.4828 - val_keras_f1_score: 0.6864
    Epoch 26/35
    953/953 - 2s - loss: 0.7967 - keras_f1_score: 0.6765 - val_loss: 0.4907 - val_keras_f1_score: 0.6969
    Epoch 27/35
    953/953 - 2s - loss: 0.7960 - keras_f1_score: 0.6780 - val_loss: 0.5046 - val_keras_f1_score: 0.6728
    Epoch 28/35
    953/953 - 2s - loss: 0.7972 - keras_f1_score: 0.6770 - val_loss: 0.4907 - val_keras_f1_score: 0.6698
    Epoch 29/35
    953/953 - 2s - loss: 0.7959 - keras_f1_score: 0.6768 - val_loss: 0.5109 - val_keras_f1_score: 0.6740
    Epoch 30/35
    953/953 - 2s - loss: 0.7956 - keras_f1_score: 0.6771 - val_loss: 0.4999 - val_keras_f1_score: 0.6855
    Epoch 31/35
    953/953 - 2s - loss: 0.7959 - keras_f1_score: 0.6766 - val_loss: 0.5004 - val_keras_f1_score: 0.6816
    Epoch 32/35
    953/953 - 2s - loss: 0.7953 - keras_f1_score: 0.6769 - val_loss: 0.5021 - val_keras_f1_score: 0.6768
    Epoch 33/35
    953/953 - 2s - loss: 0.7960 - keras_f1_score: 0.6769 - val_loss: 0.4781 - val_keras_f1_score: 0.6948
    Epoch 34/35
    953/953 - 2s - loss: 0.7955 - keras_f1_score: 0.6778 - val_loss: 0.4937 - val_keras_f1_score: 0.6761
    Epoch 35/35
    953/953 - 2s - loss: 0.7943 - keras_f1_score: 0.6781 - val_loss: 0.5155 - val_keras_f1_score: 0.6761
    

Out[61]:

    
    
    <tensorflow.python.keras.callbacks.History at 0x7f2b2e042d90>

In [62]:

    
    
    preds = model.predict(X_test)
    preds = np.argmax(preds, axis=1)
    

In [63]:

    
    
    print('NN accuracy: ', accuracy_score(y_test, preds))
    print('NN f1-score', f1_score(y_test, preds))
    
    
    
    NN accuracy:  0.677625882291202
    NN f1-score 0.42104519108430327
    

In [64]:

    
    
    plot_confusion_matrix(y_test, preds)
    

![](__results___files/__results___78_0.png)

