# Insurance Prediction. Data analysis and modeling.

![](https://www.outlookindia.com/outlookmoney/public/uploads/article/gallery/9f5518fc9b70672aaba65aa3af600c32.jpg)

## Quick navigation

  * 1\. Basic Data Analysis
  * 2\. Feature engineering (In progress)
  * 3\. Modeling (In progress)

## 1\. Basic Data Analysis

##

In [1]:

    
    
    !pip install pyod
    
    
    
    Collecting pyod
    
      Downloading pyod-0.8.4.tar.gz (98 kB)
    
         |ââââââââââââââââââââââââââââââââ| 98 kB 1.1 MB/s 
    
    Collecting combo
    
      Downloading combo-0.1.1.tar.gz (37 kB)
    
    Requirement already satisfied: joblib in /opt/conda/lib/python3.7/site-packages (from pyod) (0.14.1)
    
    Requirement already satisfied: matplotlib in /opt/conda/lib/python3.7/site-packages (from pyod) (3.2.1)
    
    Requirement already satisfied: numpy>=1.13 in /opt/conda/lib/python3.7/site-packages (from pyod) (1.18.5)
    
    Requirement already satisfied: numba>=0.35 in /opt/conda/lib/python3.7/site-packages (from pyod) (0.48.0)
    
    Requirement already satisfied: pandas>=0.25 in /opt/conda/lib/python3.7/site-packages (from pyod) (1.1.1)
    
    Requirement already satisfied: scipy>=0.19.1 in /opt/conda/lib/python3.7/site-packages (from pyod) (1.4.1)
    
    Requirement already satisfied: scikit_learn>=0.19.1 in /opt/conda/lib/python3.7/site-packages (from pyod) (0.23.2)
    
    Requirement already satisfied: six in /opt/conda/lib/python3.7/site-packages (from pyod) (1.14.0)
    
    Requirement already satisfied: statsmodels in /opt/conda/lib/python3.7/site-packages (from pyod) (0.11.1)
    
    Collecting suod
    
      Downloading suod-0.0.4.tar.gz (2.1 MB)
    
         |ââââââââââââââââââââââââââââââââ| 2.1 MB 4.6 MB/s 
    
    Requirement already satisfied: python-dateutil>=2.1 in /opt/conda/lib/python3.7/site-packages (from matplotlib->pyod) (2.8.1)
    
    Requirement already satisfied: pyparsing!=2.0.4,!=2.1.2,!=2.1.6,>=2.0.1 in /opt/conda/lib/python3.7/site-packages (from matplotlib->pyod) (2.4.7)
    
    Requirement already satisfied: cycler>=0.10 in /opt/conda/lib/python3.7/site-packages (from matplotlib->pyod) (0.10.0)
    
    Requirement already satisfied: kiwisolver>=1.0.1 in /opt/conda/lib/python3.7/site-packages (from matplotlib->pyod) (1.2.0)
    
    Requirement already satisfied: llvmlite<0.32.0,>=0.31.0dev0 in /opt/conda/lib/python3.7/site-packages (from numba>=0.35->pyod) (0.31.0)
    
    Requirement already satisfied: setuptools in /opt/conda/lib/python3.7/site-packages (from numba>=0.35->pyod) (46.1.3.post20200325)
    
    Requirement already satisfied: pytz>=2017.2 in /opt/conda/lib/python3.7/site-packages (from pandas>=0.25->pyod) (2019.3)
    
    Requirement already satisfied: threadpoolctl>=2.0.0 in /opt/conda/lib/python3.7/site-packages (from scikit_learn>=0.19.1->pyod) (2.1.0)
    
    Requirement already satisfied: patsy>=0.5 in /opt/conda/lib/python3.7/site-packages (from statsmodels->pyod) (0.5.1)
    
    Building wheels for collected packages: pyod, combo, suod
    
      Building wheel for pyod (setup.py) ... - \ done
    
      Created wheel for pyod: filename=pyod-0.8.4-py3-none-any.whl size=112081 sha256=81718f7fe7e4fb29dab35480ea26a115b7b7e4f6eae8e5ce90864f581d936ab5
    
      Stored in directory: /root/.cache/pip/wheels/9f/c9/60/b1311d6e5480f83f29e88bc6223ee1f011e0989a817ad01b65
    
      Building wheel for combo (setup.py) ... - \ done
    
      Created wheel for combo: filename=combo-0.1.1-py3-none-any.whl size=42113 sha256=12b1d7f8d0bd9e44a7e10b441bfa511586a609cb61447cb3ec73518184e8c2f0
    
      Stored in directory: /root/.cache/pip/wheels/3e/e1/f8/08f19ba48f75d3dbbb549cec4b86cc0392c14b2b6bb81f4e1f
    
      Building wheel for suod (setup.py) ... - \ | / done
    
      Created wheel for suod: filename=suod-0.0.4-py3-none-any.whl size=2167157 sha256=82e3f599b15c5d122ccf7adecf75c7dac621b679e7b3342ec79258cb645b008c
    
      Stored in directory: /root/.cache/pip/wheels/dc/ae/aa/3b8cc857617f3ba6cb9e6b804c79c69d0ed60a08e022e9a4f3
    
    Successfully built pyod combo suod
    
    Installing collected packages: combo, suod, pyod
    
    Successfully installed combo-0.1.1 pyod-0.8.4 suod-0.0.4
    
    WARNING: You are using pip version 20.2.2; however, version 20.2.4 is available.
    
    You should consider upgrading via the '/opt/conda/bin/python3.7 -m pip install --upgrade pip' command.
    
    

In [2]:

    
    
    import numpy as np
    import pandas as pd
    
    import plotly.express as px
    from plotly.subplots import make_subplots
    import plotly.graph_objs as go
    
    import matplotlib.pyplot as plt
    
    import seaborn as sns
    
    from sklearn.model_selection import cross_val_score
    from sklearn.linear_model import LogisticRegression
    from sklearn.ensemble import RandomForestClassifier
    from sklearn.metrics import accuracy_score, f1_score, confusion_matrix
    from sklearn.tree import DecisionTreeClassifier
    from sklearn.cluster import KMeans
    from sklearn.manifold import TSNE
    from sklearn.model_selection import KFold, train_test_split
    
    import optuna
    from optuna.samplers import TPESampler
    
    from pyod.models.copod import COPOD
    
    import tensorflow as tf
    import tensorflow.keras.backend as K
    from tensorflow.keras.layers import Input, Dense
    from tensorflow.keras.utils import to_categorical
    
    from lightgbm import LGBMClassifier
    from xgboost import XGBClassifier
    

In [3]:

    
    
    train = pd.read_csv('/kaggle/input/health-insurance-cross-sell-prediction/train.csv')
    test = pd.read_csv('/kaggle/input/health-insurance-cross-sell-prediction/test.csv')
    

In [4]:

    
    
    train
    

Out[4]:

| id | Gender | Age | Driving_License | Region_Code | Previously_Insured | Vehicle_Age | Vehicle_Damage | Annual_Premium | Policy_Sales_Channel | Vintage | Response  
---|---|---|---|---|---|---|---|---|---|---|---|---  
0 | 1 | Male | 44 | 1 | 28.0 | 0 | > 2 Years | Yes | 40454.0 | 26.0 | 217 | 1  
1 | 2 | Male | 76 | 1 | 3.0 | 0 | 1-2 Year | No | 33536.0 | 26.0 | 183 | 0  
2 | 3 | Male | 47 | 1 | 28.0 | 0 | > 2 Years | Yes | 38294.0 | 26.0 | 27 | 1  
3 | 4 | Male | 21 | 1 | 11.0 | 1 | < 1 Year | No | 28619.0 | 152.0 | 203 | 0  
4 | 5 | Female | 29 | 1 | 41.0 | 1 | < 1 Year | No | 27496.0 | 152.0 | 39 | 0  
... | ... | ... | ... | ... | ... | ... | ... | ... | ... | ... | ... | ...  
381104 | 381105 | Male | 74 | 1 | 26.0 | 1 | 1-2 Year | No | 30170.0 | 26.0 | 88 | 0  
381105 | 381106 | Male | 30 | 1 | 37.0 | 1 | < 1 Year | No | 40016.0 | 152.0 | 131 | 0  
381106 | 381107 | Male | 21 | 1 | 30.0 | 1 | < 1 Year | No | 35118.0 | 160.0 | 161 | 0  
381107 | 381108 | Female | 68 | 1 | 14.0 | 0 | > 2 Years | Yes | 44617.0 | 124.0 | 74 | 0  
381108 | 381109 | Male | 46 | 1 | 29.0 | 0 | 1-2 Year | No | 41777.0 | 26.0 | 237 | 0  
  
381109 rows Ã 12 columns

In [5]:

    
    
    train = train.drop(['id'], axis=1)
    test = test.drop(['id'], axis=1)
    

In [6]:

    
    
    fig = make_subplots(rows=1, cols=2)
    
    traces = [
        go.Bar(
            x=['Male', 'Female'], 
            y=[
                len(train[train['Gender']=='Male']),
                len(train[train['Gender']=='Female'])
            ], 
            name='Train Gender',
            text = [
                str(round(100 * len(train[train['Gender']=='Male']) / len(train), 2)) + '%',
                str(round(100 * len(train[train['Gender']=='Female']) / len(train), 2)) + '%'
            ],
            textposition='auto'
        ),
        go.Bar(
            x=['Male', 'Female'], 
            y=[
                len(test[test['Gender']=='Male']),
                len(test[test['Gender']=='Female'])
            ], 
            name='Test Gender',
            text=[
                str(round(100 * len(test[test['Gender']=='Male']) / len(test), 2)) + '%',
                str(round(100 * len(test[test['Gender']=='Female']) / len(test), 2)) + '%'
            ],
            textposition='auto'
        ),
    
    ]
    
    for i in range(len(traces)):
        fig.append_trace(
            traces[i], 
            (i // 2) + 1, 
            (i % 2)  +1
        )
    
    fig.update_layout(
        title_text='Train/test gender column',
        height=400,
        width=700
    )
    
    fig.show()
    

In [7]:

    
    
    fig = make_subplots(rows=1, cols=2)
    
    traces = [
        go.Bar(
            x=['Yes', 'No'], 
            y=[
                len(train[train['Driving_License']==1]),
                len(train[train['Driving_License']==0])
            ], 
            name='Train Driving_License',
            text = [
                str(round(100 * len(train[train['Driving_License']==1]) / len(train), 2)) + '%',
                str(round(100 * len(train[train['Driving_License']==0]) / len(train), 2)) + '%'
            ],
            textposition='auto'
        ),
        go.Bar(
            x=['Yes', 'No'], 
            y=[
                len(test[test['Driving_License']==1]),
                len(test[test['Driving_License']==0])
            ], 
            name='Test Driving_License',
            text=[
                str(round(100 * len(test[test['Driving_License']==1]) / len(test), 2)) + '%',
                str(round(100 * len(test[test['Driving_License']==0]) / len(test), 2)) + '%'
            ],
            textposition='auto'
        ),
    
    ]
    
    for i in range(len(traces)):
        fig.append_trace(
            traces[i], 
            (i // 2) + 1, 
            (i % 2)  + 1
        )
    
    fig.update_layout(
        title_text='Train/test Driving_License column',
        height=400,
        width=700
    )
    
    fig.show()
    

In [8]:

    
    
    fig = make_subplots(rows=1, cols=2)
    
    traces = [
        go.Bar(
            x=['Yes', 'No'], 
            y=[
                len(train[train['Previously_Insured']==1]),
                len(train[train['Previously_Insured']==0])
            ], 
            name='Train Previously_Insured',
            text = [
                str(round(100 * len(train[train['Previously_Insured']==1]) / len(train), 2)) + '%',
                str(round(100 * len(train[train['Previously_Insured']==0]) / len(train), 2)) + '%'
            ],
            textposition='auto'
        ),
        go.Bar(
            x=['Yes', 'No'], 
            y=[
                len(test[test['Previously_Insured']==1]),
                len(test[test['Previously_Insured']==0])
            ], 
            name='Test Previously_Insured',
            text = [
                str(round(100 * len(test[test['Previously_Insured']==1]) / len(test), 2)) + '%',
                str(round(100 * len(test[test['Previously_Insured']==0]) / len(test), 2)) + '%'
            ],
            textposition='auto'
        ),
    
    ]
    
    for i in range(len(traces)):
        fig.append_trace(
            traces[i], 
            (i // 2) + 1, 
            (i % 2)  + 1
        )
    
    fig.update_layout(
        title_text='Train/test Previously_Insured column',
        height=400,
        width=700
    )
    
    fig.show()
    

In [9]:

    
    
    fig = make_subplots(rows=1, cols=2)
    
    traces = [
        go.Bar(
            x=['Yes', 'No'], 
            y=[
                len(train[train['Vehicle_Damage']=='Yes']),
                len(train[train['Vehicle_Damage']=='No'])
            ], 
            name='Train Vehicle_Damage',
            text = [
                str(round(100 * len(train[train['Vehicle_Damage']=='Yes']) / len(train), 2)) + '%',
                str(round(100 * len(train[train['Vehicle_Damage']=='No']) / len(train), 2)) + '%'
            ],
            textposition='auto'
        ),
        go.Bar(
            x=['Yes', 'No'], 
            y=[
                len(test[test['Vehicle_Damage']=='Yes']),
                len(test[test['Vehicle_Damage']=='No'])
            ], 
            name='Test Vehicle_Damage',
            text = [
                str(round(100 * len(test[test['Vehicle_Damage']=='Yes']) / len(test), 2)) + '%',
                str(round(100 * len(test[test['Vehicle_Damage']=='No']) / len(test), 2)) + '%'
            ],
            textposition='auto'
        ),
    
    ]
    
    for i in range(len(traces)):
        fig.append_trace(
            traces[i], 
            (i // 2) + 1, 
            (i % 2)  + 1
        )
    
    fig.update_layout(
        title_text='Train/test Vehicle_Damage column',
        height=400,
        width=700
    )
    
    fig.show()
    

In [10]:

    
    
    fig = make_subplots(rows=1, cols=2)
    
    traces = [
        go.Bar(
            x=['> 2 Years', '1-2 Year', '< 1 Year'], 
            y=[
                len(train[train['Vehicle_Age']=='> 2 Years']),
                len(train[train['Vehicle_Age']=='1-2 Year']),
                len(train[train['Vehicle_Age']=='< 1 Year'])
            ], 
            name='Train Vehicle_Age',
            text = [
                str(round(100 * len(train[train['Vehicle_Age']=='> 2 Years']) / len(train), 2)) + '%',
                str(round(100 * len(train[train['Vehicle_Age']=='1-2 Year']) / len(train), 2)) + '%',
                str(round(100 * len(train[train['Vehicle_Age']=='< 1 Year']) / len(train), 2)) + '%'
            ],
            textposition='auto'
        ),
        go.Bar(
            x=['> 2 Years', '1-2 Year', '< 1 Year'], 
            y=[
                len(test[test['Vehicle_Age']=='> 2 Years']),
                len(test[test['Vehicle_Age']=='1-2 Year']),
                len(test[test['Vehicle_Age']=='< 1 Year'])
            ], 
            name='Test Vehicle_Age',
            text = [
                str(round(100 * len(test[test['Vehicle_Age']=='> 2 Years']) / len(test), 2)) + '%',
                str(round(100 * len(test[test['Vehicle_Age']=='1-2 Year']) / len(test), 2)) + '%',
                str(round(100 * len(test[test['Vehicle_Age']=='< 1 Year']) / len(test), 2)) + '%'
            ],
            textposition='auto'
        ),
    
    ]
    
    for i in range(len(traces)):
        fig.append_trace(
            traces[i], 
            (i // 2) + 1, 
            (i % 2)  + 1
        )
    
    fig.update_layout(
        title_text='Train/test Vehicle_Age column',
        height=400,
        width=700
    )
    
    fig.show()
    

In [11]:

    
    
    fig = make_subplots(rows=1, cols=2)
    
    traces = [
        go.Histogram(
            x=train['Age'], 
            name='Train Age'
        ),
        go.Histogram(
            x=test['Age'], 
            name='Test Age'
        ),
    
    ]
    
    for i in range(len(traces)):
        fig.append_trace(
            traces[i], 
            (i // 2) + 1, 
            (i % 2)  + 1
        )
    
    fig.update_layout(
        title_text='Train/test Age column distribution',
        height=500,
        width=900
    )
    
    fig.show()
    

In [12]:

    
    
    fig = make_subplots(rows=1, cols=2)
    
    traces = [
        go.Histogram(
            x=train['Annual_Premium'], 
            name='Train Annual_Premium'
        ),
        go.Histogram(
            x=test['Annual_Premium'], 
            name='Test Annual_Premium'
        ),
    
    ]
    
    for i in range(len(traces)):
        fig.append_trace(
            traces[i], 
            (i // 2) + 1, 
            (i % 2)  + 1
        )
    
    fig.update_layout(
        title_text='Train/test Annual_Premium column distribution',
        height=500,
        width=800
    )
    
    fig.show()
    

In [13]:

    
    
    fig = make_subplots(rows=1, cols=2)
    
    traces = [
        go.Histogram(
            x=train['Policy_Sales_Channel'], 
            name='Train Policy_Sales_Channel'
        ),
        go.Histogram(
            x=test['Policy_Sales_Channel'], 
            name='Test Policy_Sales_Channel'
        ),
    
    ]
    
    for i in range(len(traces)):
        fig.append_trace(
            traces[i], 
            (i // 2) + 1, 
            (i % 2)  +1
        )
    
    fig.update_layout(
        title_text='Train/test Policy_Sales_Channel column distribution',
        height=500,
        width=800
    )
    
    fig.show()
    

In [14]:

    
    
    fig = make_subplots(rows=1, cols=2)
    
    traces = [
        go.Histogram(
            x=train['Vintage'], 
            name='Train Vintage'
        ),
        go.Histogram(
            x=test['Vintage'], 
            name='Test Vintage'
        ),
    
    ]
    
    for i in range(len(traces)):
        fig.append_trace(
            traces[i], 
            (i // 2) + 1, 
            (i % 2)  + 1
        )
    
    fig.update_layout(
        title_text='Train/test Vintage column distribution',
        height=500,
        width=800
    )
    
    fig.show()
    

In [15]:

    
    
    tr = train['Region_Code'].value_counts().reset_index()
    x_tr = tr['index'].tolist()
    y_tr = tr['Region_Code'].tolist()
    te = test['Region_Code'].value_counts().reset_index()
    x_te = te['index'].tolist()
    y_te = te['Region_Code'].tolist()
    
    fig = make_subplots(rows=2, cols=1)
    
    traces = [
        go.Bar(
            x=x_tr, 
            y=y_tr, 
            name='Train Region_Code'
        ),
        go.Bar(
            x=x_te, 
            y=y_te, 
            name='Test Region_Code'
        )
    ]
    
    for i in range(len(traces)):
        fig.append_trace(
            traces[i], 
            (i // 1) + 1, 
            (i % 1)  + 1
        )
    
    fig.update_layout(
        title_text='Train / test Region_Code',
        height=900,
        width=800
    )
    
    fig.show()
    

In [16]:

    
    
    fig = make_subplots(rows=1, cols=1)
    
    traces = [
        go.Bar(
            x=['Yes', 'No'], 
            y=[
                len(train[train['Response']==1]),
                len(train[train['Response']==0])
            ], 
            name='Train Response'
        ),
    ]
    
    for i in range(len(traces)):
        fig.append_trace(
            traces[i], 
            (i // 2) + 1, 
            (i % 2)  + 1
        )
    
    fig.update_layout(
        title_text='Train Response column',
        height=400,
        width=400
    )
    
    fig.show()
    

As we can see from initial analysis all columns presented in dataset have
exactly the same ditribution. Let's do feature engineering and modeling next.

In [17]:

    
    
    fig = px.histogram(
        train, 
        "Age", 
        color='Response',
        nbins=100, 
        title='Age & Response ditribution', 
        width=700,
        height=500
    )
    
    fig.show()
    

In [18]:

    
    
    fig = px.histogram(
        train[train['Response'] == 1], 
        "Age", 
        nbins=100, 
        title='Age distribution for positive response', 
        width=700,
        height=500
    )
    
    fig.show()
    

In [19]:

    
    
    fig = make_subplots(
        rows=1, 
        cols=2
    )
    
    traces = [
        go.Bar(
            x=['Declined', 'Accepted'], 
            y=[
                len(train[(train['Gender']=='Male') & (train['Response']==0)]),
                len(train[(train['Gender']=='Male') & (train['Response']==1)])
            ], 
            name='Gender: Male'
        ),
        go.Bar(
            x=['Declined', 'Accepted'],  
            y=[
                len(train[(train['Gender']=='Female') & (train['Response']==0)]),
                len(train[(train['Gender']=='Female') & (train['Response']==1)])
            ], 
            name='Gender: Female'
        ),
    
    ]
    
    for i in range(len(traces)):
        fig.append_trace(
            traces[i], 
            (i // 2) + 1, 
            (i % 2)  + 1
        )
    
    fig.update_layout(
        title_text='Train gender/response dependencies',
        height=400,
        width=700
    )
    
    fig.show()
    

In [20]:

    
    
    fig = make_subplots(
        rows=1, 
        cols=2
    )
    
    traces = [
        go.Bar(
            x=['Declined', 'Accepted'], 
            y=[
                len(train[(train['Previously_Insured']==0) & (train['Response']==0)]),
                len(train[(train['Previously_Insured']==0) & (train['Response']==1)])
            ], 
            name='Previously_Insured: Previously Not Insured'
        ),
        go.Bar(
            x=['Declined', 'Accepted'],  
            y=[
                len(train[(train['Previously_Insured']==1) & (train['Response']==0)]),
                len(train[(train['Previously_Insured']==1) & (train['Response']==1)])
            ], 
            name='Previously_Insured: Previously Insured'
        ),
    
    ]
    
    for i in range(len(traces)):
        fig.append_trace(
            traces[i], 
            (i // 2) + 1, 
            (i % 2)  + 1
        )
    
    fig.update_layout(
        title_text='Train previously_insured/response dependencies',
        height=400,
        width=700
    )
    
    fig.show()
    

In [21]:

    
    
    fig = make_subplots(
        rows=1, 
        cols=2
    )
    
    traces = [
        go.Bar(
            x=['Declined', 'Accepted'], 
            y=[
                len(train[(train['Vehicle_Damage']=='No') & (train['Response']==0)]),
                len(train[(train['Vehicle_Damage']=='No') & (train['Response']==1)])
            ], 
            name='Vehicle_Damage: No'
        ),
        go.Bar(
            x=['Declined', 'Accepted'],  
            y=[
                len(train[(train['Vehicle_Damage']=='Yes') & (train['Response']==0)]),
                len(train[(train['Vehicle_Damage']=='Yes') & (train['Response']==1)])
            ], 
            name='Vehicle_Damage: Yes'
        ),
    
    ]
    
    for i in range(len(traces)):
        fi