    [I 2020-09-25 05:07:37,082] Trial 0 finished with value: 0.8382877728415841 and parameters: {'max_depth': 14, 'n_estimators': 48, 'learning_rate': 0.7151893948534829, 'num_leaves': 4933, 'min_child_samples': 198, 'reg_alpha': 8, 'reg_lambda': 10}. Best is trial 0 with value: 0.8382877728415841.
    [I 2020-09-25 05:08:02,310] Trial 1 finished with value: 0.8301963584657203 and parameters: {'max_depth': 21, 'n_estimators': 278, 'learning_rate': 0.3843817688545291, 'num_leaves': 3470, 'min_child_samples': 61, 'reg_alpha': 2, 'reg_lambda': 7}. Best is trial 0 with value: 0.8382877728415841.
    [I 2020-09-25 05:08:04,805] Trial 2 finished with value: 0.8483195731187176 and parameters: {'max_depth': 9, 'n_estimators': 88, 'learning_rate': 0.47997722437734014, 'num_leaves': 2899, 'min_child_samples': 168, 'reg_alpha': 10, 'reg_lambda': 9}. Best is trial 2 with value: 0.8483195731187176.
    [I 2020-09-25 05:08:18,969] Trial 3 finished with value: 0.8575133465699623 and parameters: {'max_depth': 11, 'n_estimators': 405, 'learning_rate': 0.020218495418485975, 'num_leaves': 4853, 'min_child_samples': 200, 'reg_alpha': 1, 'reg_lambda': 3}. Best is trial 3 with value: 0.8575133465699623.
    [I 2020-09-25 05:08:26,848] Trial 4 finished with value: 0.8357168834007593 and parameters: {'max_depth': 5, 'n_estimators': 473, 'learning_rate': 0.8009107718885691, 'num_leaves': 799, 'min_child_samples': 150, 'reg_alpha': 4, 'reg_lambda': 8}. Best is trial 3 with value: 0.8575133465699623.
    [I 2020-09-25 05:08:31,990] Trial 5 finished with value: 0.8584792648795306 and parameters: {'max_depth': 2, 'n_estimators': 450, 'learning_rate': 0.14335337307371768, 'num_leaves': 4737, 'min_child_samples': 35, 'reg_alpha': 5, 'reg_lambda': 8}. Best is trial 5 with value: 0.8584792648795306.
    [I 2020-09-25 05:08:40,218] Trial 6 finished with value: 0.8387915490092603 and parameters: {'max_depth': 5, 'n_estimators': 460, 'learning_rate': 0.7369182034371404, 'num_leaves': 804, 'min_child_samples': 131, 'reg_alpha': 1, 'reg_lambda': 5}. Best is trial 5 with value: 0.8584792648795306.
    [I 2020-09-25 05:08:59,164] Trial 7 finished with value: 0.5765924588499538 and parameters: {'max_depth': 23, 'n_estimators': 390, 'learning_rate': 0.6120957615128492, 'num_leaves': 758, 'min_child_samples': 20, 'reg_alpha': 5, 'reg_lambda': 10}. Best is trial 5 with value: 0.8584792648795306.
    [I 2020-09-25 05:09:15,072] Trial 8 finished with value: 0.8013667302481008 and parameters: {'max_depth': 12, 'n_estimators': 443, 'learning_rate': 0.6130634965777866, 'num_leaves': 4355, 'min_child_samples': 68, 'reg_alpha': 8, 'reg_lambda': 10}. Best is trial 5 with value: 0.8584792648795306.
    [I 2020-09-25 05:09:25,763] Trial 9 finished with value: 0.7845104676851169 and parameters: {'max_depth': 27, 'n_estimators': 292, 'learning_rate': 0.6531400704839341, 'num_leaves': 432, 'min_child_samples': 85, 'reg_alpha': 1, 'reg_lambda': 4}. Best is trial 5 with value: 0.8584792648795306.
    [I 2020-09-25 05:09:28,229] Trial 10 finished with value: 0.838972927153745 and parameters: {'max_depth': 2, 'n_estimators': 163, 'learning_rate': 0.011974972378603066, 'num_leaves': 2200, 'min_child_samples': 6, 'reg_alpha': 4, 'reg_lambda': 1}. Best is trial 5 with value: 0.8584792648795306.
    [I 2020-09-25 05:10:12,701] Trial 11 finished with value: 0.8509778303537261 and parameters: {'max_depth': 18, 'n_estimators': 362, 'learning_rate': 0.008125784281843747, 'num_leaves': 4906, 'min_child_samples': 39, 'reg_alpha': 7, 'reg_lambda': 2}. Best is trial 5 with value: 0.8584792648795306.
    [I 2020-09-25 05:10:16,917] Trial 12 finished with value: 0.858505628196314 and parameters: {'max_depth': 2, 'n_estimators': 375, 'learning_rate': 0.22802552329977888, 'num_leaves': 4160, 'min_child_samples': 114, 'reg_alpha': 3, 'reg_lambda': 3}. Best is trial 12 with value: 0.858505628196314.
    [I 2020-09-25 05:10:20,806] Trial 13 finished with value: 0.8585438180285836 and parameters: {'max_depth': 2, 'n_estimators': 330, 'learning_rate': 0.21780859550495008, 'num_leaves': 4026, 'min_child_samples': 113, 'reg_alpha': 3, 'reg_lambda': 6}. Best is trial 13 with value: 0.8585438180285836.
    [I 2020-09-25 05:10:25,225] Trial 14 finished with value: 0.8526636035452095 and parameters: {'max_depth': 7, 'n_estimators': 209, 'learning_rate': 0.2578656138015656, 'num_leaves': 3792, 'min_child_samples': 112, 'reg_alpha': 3, 'reg_lambda': 6}. Best is trial 13 with value: 0.8585438180285836.
    [I 2020-09-25 05:10:29,547] Trial 15 finished with value: 0.8585265699171796 and parameters: {'max_depth': 2, 'n_estimators': 341, 'learning_rate': 0.25170349928798064, 'num_leaves': 2024, 'min_child_samples': 110, 'reg_alpha': 3, 'reg_lambda': 4}. Best is trial 13 with value: 0.8585438180285836.
    [I 2020-09-25 05:11:02,251] Trial 16 finished with value: 0.8172818527210615 and parameters: {'max_depth': 30, 'n_estimators': 316, 'learning_rate': 0.9983428427348384, 'num_leaves': 1810, 'min_child_samples': 92, 'reg_alpha': 3, 'reg_lambda': 5}. Best is trial 13 with value: 0.8585438180285836.
    [I 2020-09-25 05:11:06,008] Trial 17 finished with value: 0.8547471593213756 and parameters: {'max_depth': 5, 'n_estimators': 218, 'learning_rate': 0.36767184774160006, 'num_leaves': 2931, 'min_child_samples': 135, 'reg_alpha': 6, 'reg_lambda': 6}. Best is trial 13 with value: 0.8585438180285836.
    [I 2020-09-25 05:11:13,803] Trial 18 finished with value: 0.8521513513325265 and parameters: {'max_depth': 8, 'n_estimators': 344, 'learning_rate': 0.16989116552227446, 'num_leaves': 1647, 'min_child_samples': 169, 'reg_alpha': 2, 'reg_lambda': 4}. Best is trial 13 with value: 0.8585438180285836.
    [I 2020-09-25 05:11:26,875] Trial 19 finished with value: 0.8339725957941608 and parameters: {'max_depth': 16, 'n_estimators': 240, 'learning_rate': 0.33436134845222043, 'num_leaves': 1458, 'min_child_samples': 72, 'reg_alpha': 4, 'reg_lambda': 7}. Best is trial 13 with value: 0.8585438180285836.
    [I 2020-09-25 05:11:28,841] Trial 20 finished with value: 0.8550987313281179 and parameters: {'max_depth': 2, 'n_estimators': 149, 'learning_rate': 0.0946838241139589, 'num_leaves': 2465, 'min_child_samples': 124, 'reg_alpha': 6, 'reg_lambda': 4}. Best is trial 13 with value: 0.8585438180285836.
    [I 2020-09-25 05:11:33,366] Trial 21 finished with value: 0.858177485411984 and parameters: {'max_depth': 3, 'n_estimators': 331, 'learning_rate': 0.2676318432467393, 'num_leaves': 3845, 'min_child_samples': 107, 'reg_alpha': 3, 'reg_lambda': 2}. Best is trial 13 with value: 0.8585438180285836.
    [I 2020-09-25 05:11:39,908] Trial 22 finished with value: 0.854820142934287 and parameters: {'max_depth': 5, 'n_estimators': 397, 'learning_rate': 0.22048945876102882, 'num_leaves': 4220, 'min_child_samples': 149, 'reg_alpha': 2, 'reg_lambda': 3}. Best is trial 13 with value: 0.8585438180285836.
    [I 2020-09-25 05:11:43,572] Trial 23 finished with value: 0.8583626698384319 and parameters: {'max_depth': 2, 'n_estimators': 291, 'learning_rate': 0.48676789850073077, 'num_leaves': 3125, 'min_child_samples': 98, 'reg_alpha': 3, 'reg_lambda': 3}. Best is trial 13 with value: 0.8585438180285836.
    [I 2020-09-25 05:11:56,775] Trial 24 finished with value: 0.8512945440492121 and parameters: {'max_depth': 10, 'n_estimators': 413, 'learning_rate': 0.09145144154351928, 'num_leaves': 3353, 'min_child_samples': 109, 'reg_alpha': 4, 'reg_lambda': 1}. Best is trial 13 with value: 0.8585438180285836.
    [I 2020-09-25 05:12:07,278] Trial 25 finished with value: 0.8430818377253758 and parameters: {'max_depth': 7, 'n_estimators': 496, 'learning_rate': 0.31395041644225385, 'num_leaves': 2094, 'min_child_samples': 83, 'reg_alpha': 2, 'reg_lambda': 5}. Best is trial 13 with value: 0.8585438180285836.
    [I 2020-09-25 05:12:12,342] Trial 26 finished with value: 0.8542479084910817 and parameters: {'max_depth': 4, 'n_estimators': 344, 'learning_rate': 0.4195769274132507, 'num_leaves': 4250, 'min_child_samples': 118, 'reg_alpha': 5, 'reg_lambda': 2}. Best is trial 13 with value: 0.8585438180285836.
    [I 2020-09-25 05:12:19,903] Trial 27 finished with value: 0.8520955594947683 and parameters: {'max_depth': 7, 'n_estimators': 372, 'learning_rate': 0.1899310771124623, 'num_leaves': 2651, 'min_child_samples': 142, 'reg_alpha': 3, 'reg_lambda': 4}. Best is trial 13 with value: 0.8585438180285836.
    [I 2020-09-25 05:12:29,308] Trial 28 finished with value: 0.8502652766499148 and parameters: {'max_depth': 13, 'n_estimators': 264, 'learning_rate': 0.11032805269594619, 'num_leaves': 1359, 'min_child_samples': 160, 'reg_alpha': 2, 'reg_lambda': 6}. Best is trial 13 with value: 0.8585438180285836.
    [I 2020-09-25 05:12:32,865] Trial 29 finished with value: 0.8586769800245995 and parameters: {'max_depth': 2, 'n_estimators': 303, 'learning_rate': 0.2815571831164996, 'num_leaves': 3770, 'min_child_samples': 185, 'reg_alpha': 4, 'reg_lambda': 7}. Best is trial 29 with value: 0.8586769800245995.
    [I 2020-09-25 05:12:47,449] Trial 30 finished with value: 0.8329779383144685 and parameters: {'max_depth': 15, 'n_estimators': 311, 'learning_rate': 0.44032742218054205, 'num_leaves': 4585, 'min_child_samples': 192, 'reg_alpha': 4, 'reg_lambda': 7}. Best is trial 29 with value: 0.8586769800245995.
    [I 2020-09-25 05:12:50,541] Trial 31 finished with value: 0.858415675592514 and parameters: {'max_depth': 2, 'n_estimators': 249, 'learning_rate': 0.2872329641415212, 'num_leaves': 3848, 'min_child_samples': 181, 'reg_alpha': 3, 'reg_lambda': 8}. Best is trial 29 with value: 0.8586769800245995.
    [I 2020-09-25 05:12:56,009] Trial 32 finished with value: 0.8572387488312789 and parameters: {'max_depth': 4, 'n_estimators': 360, 'learning_rate': 0.2137167283859303, 'num_leaves': 3379, 'min_child_samples': 126, 'reg_alpha': 4, 'reg_lambda': 5}. Best is trial 29 with value: 0.8586769800245995.
    [I 2020-09-25 05:13:04,855] Trial 33 finished with value: 0.8478193343554438 and parameters: {'max_depth': 6, 'n_estimators': 425, 'learning_rate': 0.37626254874158965, 'num_leaves': 3632, 'min_child_samples': 52, 'reg_alpha': 2, 'reg_lambda': 7}. Best is trial 29 with value: 0.8586769800245995.
    [I 2020-09-25 05:13:14,340] Trial 34 finished with value: 0.8557946796659321 and parameters: {'max_depth': 9, 'n_estimators': 331, 'learning_rate': 0.060641424389139914, 'num_leaves': 4055, 'min_child_samples': 100, 'reg_alpha': 5, 'reg_lambda': 6}. Best is trial 29 with value: 0.8586769800245995.
    [I 2020-09-25 05:13:18,081] Trial 35 finished with value: 0.8580930911475468 and parameters: {'max_depth': 3, 'n_estimators': 283, 'learning_rate': 0.2570301039208332, 'num_leaves': 4470, 'min_child_samples': 80, 'reg_alpha': 1, 'reg_lambda': 3}. Best is trial 29 with value: 0.8586769800245995.
    [I 2020-09-25 05:13:18,648] Trial 36 finished with value: 0.8440091313892478 and parameters: {'max_depth': 3, 'n_estimators': 14, 'learning_rate': 0.1449682506117337, 'num_leaves': 3109, 'min_child_samples': 159, 'reg_alpha': 3, 'reg_lambda': 9}. Best is trial 29 with value: 0.8586769800245995.
    [I 2020-09-25 05:13:29,899] Trial 37 finished with value: 0.8316979049470193 and parameters: {'max_depth': 10, 'n_estimators': 376, 'learning_rate': 0.545075700955808, 'num_leaves': 2511, 'min_child_samples': 118, 'reg_alpha': 4, 'reg_lambda': 7}. Best is trial 29 with value: 0.8586769800245995.
    [I 2020-09-25 05:13:51,182] Trial 38 finished with value: 0.8336365234264569 and parameters: {'max_depth': 22, 'n_estimators': 309, 'learning_rate': 0.31329145013789206, 'num_leaves': 4970, 'min_child_samples': 138, 'reg_alpha': 10, 'reg_lambda': 8}. Best is trial 29 with value: 0.8586769800245995.
    [I 2020-09-25 05:13:54,424] Trial 39 finished with value: 0.8579738749343426 and parameters: {'max_depth': 4, 'n_estimators': 207, 'learning_rate': 0.21247366086248046, 'num_leaves': 4044, 'min_child_samples': 181, 'reg_alpha': 5, 'reg_lambda': 4}. Best is trial 29 with value: 0.8586769800245995.
    [I 2020-09-25 05:14:04,127] Trial 40 finished with value: 0.843609547068835 and parameters: {'max_depth': 6, 'n_estimators': 492, 'learning_rate': 0.42850828762699833, 'num_leaves': 4659, 'min_child_samples': 93, 'reg_alpha': 1, 'reg_lambda': 5}. Best is trial 29 with value: 0.8586769800245995.
    [I 2020-09-25 05:14:09,308] Trial 41 finished with value: 0.8583444404519684 and parameters: {'max_depth': 2, 'n_estimators': 452, 'learning_rate': 0.15050031794300736, 'num_leaves': 4712, 'min_child_samples': 50, 'reg_alpha': 6, 'reg_lambda': 9}. Best is trial 29 with value: 0.8586769800245995.
    [I 2020-09-25 05:14:14,501] Trial 42 finished with value: 0.8583522983346594 and parameters: {'max_depth': 2, 'n_estimators': 438, 'learning_rate': 0.14390995421351924, 'num_leaves': 4102, 'min_child_samples': 31, 'reg_alpha': 5, 'reg_lambda': 8}. Best is trial 29 with value: 0.8586769800245995.
    [I 2020-09-25 05:14:20,668] Trial 43 finished with value: 0.8586706421963844 and parameters: {'max_depth': 4, 'n_estimators': 403, 'learning_rate': 0.06901864598301596, 'num_leaves': 3584, 'min_child_samples': 4, 'reg_alpha': 4, 'reg_lambda': 8}. Best is trial 29 with value: 0.8586769800245995.
    [I 2020-09-25 05:14:26,762] Trial 44 finished with value: 0.8580338494826488 and parameters: {'max_depth': 4, 'n_estimators': 391, 'learning_rate': 0.03984581520024225, 'num_leaves': 3599, 'min_child_samples': 3, 'reg_alpha': 4, 'reg_lambda': 7}. Best is trial 29 with value: 0.8586769800245995.
    [I 2020-09-25 05:14:33,799] Trial 45 finished with value: 0.8517136504169702 and parameters: {'max_depth': 6, 'n_estimators': 355, 'learning_rate': 0.2449088875481766, 'num_leaves': 3291, 'min_child_samples': 66, 'reg_alpha': 2, 'reg_lambda': 6}. Best is trial 29 with value: 0.8586769800245995.
    [I 2020-09-25 05:15:00,341] Trial 46 finished with value: 0.8471915723427113 and parameters: {'max_depth': 19, 'n_estimators': 416, 'learning_rate': 0.05804866323674859, 'num_leaves': 2806, 'min_child_samples': 117, 'reg_alpha': 3, 'reg_lambda': 8}. Best is trial 29 with value: 0.8586769800245995.
    [I 2020-09-25 05:15:11,543] Trial 47 finished with value: 0.8404168944016926 and parameters: {'max_depth': 8, 'n_estimators': 470, 'learning_rate': 0.3410987449196904, 'num_leaves': 2128, 'min_child_samples': 127, 'reg_alpha': 3, 'reg_lambda': 9}. Best is trial 29 with value: 0.8586769800245995.
    [I 2020-09-25 05:15:15,668] Trial 48 finished with value: 0.8563756042318973 and parameters: {'max_depth': 3, 'n_estimators': 273, 'learning_rate': 0.5502449440546007, 'num_leaves': 3549, 'min_child_samples': 107, 'reg_alpha': 9, 'reg_lambda': 3}. Best is trial 29 with value: 0.8586769800245995.
    [I 2020-09-25 05:15:22,516] Trial 49 finished with value: 0.8419556704382591 and parameters: {'max_depth': 5, 'n_estimators': 387, 'learning_rate': 0.8810368433427658, 'num_leaves': 4347, 'min_child_samples': 91, 'reg_alpha': 4, 'reg_lambda': 5}. Best is trial 29 with value: 0.8586769800245995.
    
    
    
    Optimized LightGBM roc_auc_score 0.8584318558758914
    

In [45]:

    
    
    lgb
    

Out[45]:

    
    
    LGBMClassifier(learning_rate=0.2815571831164996, max_depth=2,
                   min_child_samples=185, n_estimators=303, num_leaves=3770,
                   random_state=0, reg_alpha=4, reg_lambda=7)

In [46]:

    
    
    LGBM = lgb
    LGBM.fit(X, y)
    y_pred = LGBM.predict(X_test)
    proba = LGBM.predict_proba(X_test)[:,1]
    

In [47]:

    
    
    print('LGBM Tuned Accuracy : {}'.format(accuracy_score(y_test,y_pred)))
    print('LGBM Tuned ROC_AUC_SCORE: {}'.format(roc_auc_score(y_test,proba)))
    
    
    
    LGBM Tuned Accuracy : 0.8779676315623753
    LGBM Tuned ROC_AUC_SCORE: 0.8603507479610375
    

* * *

## Short Ensemble¶

### Combining Results of CatBoost and LGBM for final submission¶

In [48]:

    
    
    LGBM_proba = LGBM.predict_proba(test[features])[:, 1] # Class 1 probability of LGBM model
    cat_proba = catb.predict_proba(test[features])[:, 1] # Class 1 probability of CatBoost model
    

#### Taking Weighted Average.¶

In [49]:

    
    
    submit_proba = ((LGBM_proba * 0.45) + (cat_proba * 0.55))/2
    
    sample_sub['Response'] = submit_proba
    
    # sample_sub.to_csv() --- > Add your path here
    

# Please Upvote if you like the notebook. Feel free to give suggestions about
improving my work. Thank You.¶

In [ ]:

    
    
     
    

