# Please Do Upvote If You Like The Notebook.¶

## I Got ROC_AUC_SCORE : 0.858765 On Analystics Vidhya Leaderboard. Rank :
48.¶

### This Notebook Contains :¶

    
    
    1. Deep Exploratory Data Analysis
    2. Outlier Analysis
    3. Corelation Analysis
    4. Data Preprocessing
    5. Model Building
    6. Hyperparameter Tuning
    7. Submission With Short Ensembling

# Importing Libraries¶

In [1]:

    
    
    # This Python 3 environment comes with many helpful analytics libraries installed
    # It is defined by the kaggle/python Docker image: https://github.com/kaggle/docker-python
    # For example, here's several helpful packages to load
    
    import numpy as np # linear algebra
    import pandas as pd # data processing, CSV file I/O (e.g. pd.read_csv)
    import matplotlib.pyplot as plt # data visualization
    import seaborn as sns # data visualizatin
    from sklearn.metrics import roc_auc_score,accuracy_score
    from sklearn.model_selection import train_test_split
    from catboost import CatBoostClassifier
    from lightgbm import LGBMClassifier
    sns.set(style="ticks", context="talk")
    from sklearn.preprocessing import LabelEncoder
    le = LabelEncoder()
    import optuna
    from optuna.samplers import TPESampler
    
    # Input data files are available in the read-only "../input/" directory
    # For example, running this (by clicking run or pressing Shift+Enter) will list all files under the input directory
    
    import os
    for dirname, _, filenames in os.walk('/kaggle/input'):
        for filename in filenames:
            print(os.path.join(dirname, filename))
    
    # You can write up to 5GB to the current directory (/kaggle/working/) that gets preserved as output when you create a version using "Save & Run All" 
    # You can also write temporary files to /kaggle/temp/, but they won't be saved outside of the current session
    
    
    
    /kaggle/input/health-insurance-cross-sell-prediction/train.csv
    /kaggle/input/health-insurance-cross-sell-prediction/test.csv
    /kaggle/input/health-insurance-cross-sell-prediction/sample_submission.csv
    

# Reading Data¶

In [2]:

    
    
    train = pd.read_csv('../input/health-insurance-cross-sell-prediction/train.csv')
    test = pd.read_csv('../input/health-insurance-cross-sell-prediction/test.csv')
    sample_sub = pd.read_csv('../input/health-insurance-cross-sell-prediction/sample_submission.csv')
    

In [3]:

    
    
    print('Shape of train: {}'.format(train.shape))
    print('Shape of test: {}'.format(test.shape))
    
    
    
    Shape of train: (381109, 12)
    Shape of test: (127037, 11)
    

In [4]:

    
    
    train.head()
    

Out[4]:

| id | Gender | Age | Driving_License | Region_Code | Previously_Insured | Vehicle_Age | Vehicle_Damage | Annual_Premium | Policy_Sales_Channel | Vintage | Response  
---|---|---|---|---|---|---|---|---|---|---|---|---  
0 | 1 | Male | 44 | 1 | 28.0 | 0 | > 2 Years | Yes | 40454.0 | 26.0 | 217 | 1  
1 | 2 | Male | 76 | 1 | 3.0 | 0 | 1-2 Year | No | 33536.0 | 26.0 | 183 | 0  
2 | 3 | Male | 47 | 1 | 28.0 | 0 | > 2 Years | Yes | 38294.0 | 26.0 | 27 | 1  
3 | 4 | Male | 21 | 1 | 11.0 | 1 | < 1 Year | No | 28619.0 | 152.0 | 203 | 0  
4 | 5 | Female | 29 | 1 | 41.0 | 1 | < 1 Year | No | 27496.0 | 152.0 | 39 | 0  
  
# Data Dictionary¶

id: Unique ID for the customer

Gender: Gender of the customer

Age: Age of the customer

Driving_License: 0 : Customer does not have DL, 1 : Customer already has DL

Region_Code: Unique code for the region of the customer

Previously_Insured: 1 : Customer already has Vehicle Insurance, 0 : Customer
doesn't have Vehicle Insurance

Vehicle_Age: Age of the Vehicle

Vehicle_Damage: 1 : Customer got his/her vehicle damaged in the past. 0 :
Customer didn't get his/her vehicle damaged in the past.

Annual_Premium: The amount customer needs to pay as premium in the year

Policy_Sales_Channel: Anonymised Code for the channel of outreaching to the
customer ie. Different Agents, Over Mail, Over Phone, In Person, etc.

Vintage: Number of Days, Customer has been associated with the company

Response: 1 : Customer is interested, 0 : Customer is not interested

## Encoding Target Variable¶

In [5]:

    
    
    train['Response'] = le.fit_transform(train['Response'])
    

# Exploratory Data Analysis¶

### Checking Target Variable Bias¶

In [6]:

    
    
    train['Response'].value_counts().plot.pie(autopct = '%1.1f%%',colors=['Orange','Blue'], figsize = (7,7))
    

Out[6]:

    
    
    <matplotlib.axes._subplots.AxesSubplot at 0x7f4607f0ca10>

![](__results___files/__results___12_1.png)

## Data is Imbalanced. Only 12.3% of customers are likely to buy insuarance.¶

## Missing Value Analysis¶

In [7]:

    
    
    train.isna().sum()/train.shape[0]*100
    

Out[7]:

    
    
    id                      0.0
    Gender                  0.0
    Age                     0.0
    Driving_License         0.0
    Region_Code             0.0
    Previously_Insured      0.0
    Vehicle_Age             0.0
    Vehicle_Damage          0.0
    Annual_Premium          0.0
    Policy_Sales_Channel    0.0
    Vintage                 0.0
    Response                0.0
    dtype: float64

There are no missing values

## Analysing Each Variable's Relationship with Target Variablem¶

### 1\. Gender¶

In [8]:

    
    
    sns.countplot(train['Gender'], hue = train['Response'],palette=['Orange','Purple'])
    

Out[8]:

    
    
    <matplotlib.axes._subplots.AxesSubplot at 0x7f4606c6a710>

![](__results___files/__results___19_1.png)

## 2\. Age¶

In [9]:

    
    
    f,ax = plt.subplots(nrows=2,ncols=1,figsize=(30,10))
    axx = ax.flatten()
    #plt.figure(figsize=(30,10))
    sns.distplot(train['Age'],ax=axx[0], color='Blue')
    sns.boxplot(train['Age'],ax=axx[1],color='Orange')
    

Out[9]:

    
    
    <matplotlib.axes._subplots.AxesSubplot at 0x7f4606bac650>

![](__results___files/__results___21_1.png)

### Analysing Response for different Age-Groups¶

In [10]:

    
    
    age_grp_20_to_30 = train[ train['Age'] <31]
    age_grp_31_to_40 = train[ train['Age'].between(31,40)]
    age_grp_41_to_50 = train[ train['Age'].between(41,50)]
    age_grp_50_to_60 = train[ train['Age'].between(51,60)]
    age_grp_old = train[ train['Age'] >60]
    
    age_grp = [age_grp_20_to_30,age_grp_31_to_40,age_grp_41_to_50,age_grp_50_to_60,age_grp_old]
    age_grp_name = ['age_grp_20_to_30','age_grp_31_to_40','age_grp_41_to_50','age_grp_50_to_60','age_grp_old']
    age_grp_dict = dict(zip(age_grp_name, age_grp))
    

In [11]:

    
    
    f,ax = plt.subplots(nrows=2, ncols=3, figsize = (20,10))
    axx = ax.flatten()
    for pos,tup in enumerate(age_grp_dict.items()):
        axx[pos].set_title(tup[0])
        data = tup[1]
        data['Response'].value_counts().plot.pie(autopct='%1.1f%%', ax = axx[pos],colors=['Red','Blue'])
    

![](__results___files/__results___24_0.png)

### Analysing Response with both 'Age-Groups' and 'Gender'¶

In [12]:

    
    
    f,ax = plt.subplots(nrows=2, ncols=3, figsize = (20,10))
    axx = ax.flatten()
    plt.title('Response Percentage of Different Age Groups with Genders',fontsize=40,x=-0.5,y=2.5)
    for pos,tup in enumerate(age_grp_dict.items()):
        axx[pos].set_title(tup[0])
        temp = tup[1]
        temp.groupby('Gender')['Response'].value_counts().plot.pie(autopct='%1.1f%%', ax = axx[pos],colors=['Orange','Purple'])
    

![](__results___files/__results___26_0.png)

In [13]:

    
    
    sns.catplot(x = 'Gender', y="Age",hue = 'Response', data=train)
    

Out[13]:

    
    
    <seaborn.axisgrid.FacetGrid at 0x7f4606a71f90>

![](__results___files/__results___27_1.png)

## Insights:¶

  1. Customers of age between 30 to 60 are more likely to buy insurance.
  2. Customes of age between 20 to 30 are less likely to buy insurance.
  3. In almost every age group, 'Male's are more likely to buy insurance.
  4. Females under age 30 are very less likely ho buy insurance

* * *

## 3\. Driving_License¶

In [14]:

    
    
    train['Driving_License'].value_counts().plot.pie(autopct='%1.1f%%',colors = ['Blue','Red'])
    

Out[14]:

    
    
    <matplotlib.axes._subplots.AxesSubplot at 0x7f46054b0810>

![](__results___files/__results___30_1.png)

In [15]:

    
    
    f,ax = plt.subplots(nrows=1,ncols=2,figsize = (20,5))
    axx = ax.flatten()
    #plt.title('Driving_License wise Response',fontsize=40,x=-0.5,y=2)
    axx[0].set_title('Driving_Licence = 1')
    axx[1].set_title('Driving_Licence = 0')
    train[ train['Driving_License'] == 1]['Response'].value_counts().plot.pie(autopct='%1.1f%%',colors = ['Blue','Red'],ax=axx[0])
    train[ train['Driving_License'] == 0]['Response'].value_counts().plot.pie(autopct='%1.1f%%',colors = ['Blue','Red'],ax=axx[1])
    

Out[15]:

    
    
    <matplotlib.axes._subplots.AxesSubplot at 0x7f4605421290>

![](__results___files/__results___31_1.png)

### Insights:¶

  1. Very few customers don't have Driving License.
  2. Customers with Driving License have higher chance of buying Insurancem

* * *

## 4\. Region_Code¶

In [16]:

    
    
    plt.figure(figsize = (40,10))
    plt.title('Region Wise Response Count',fontsize=50)
    sns.countplot(train['Region_Code'], hue = train['Response'],palette=['Red','Blue'])
    

Out[16]:

    
    
    <matplotlib.axes._subplots.AxesSubplot at 0x7f46053f6750>

![](__results___files/__results___34_1.png)

### Visualizing Percentage of Response : 1 in all Region_Codes¶

In [17]:

    
    
    u_region = train['Region_Code'].unique()
    region_perc = {}
    for i in u_region:
        total_region = train[ train['Region_Code'] == i].shape[0]
        buy_region = train[ (train['Region_Code'] == i) & train['Response'] == 1].shape[0]
        region_perc[i] = (buy_region/total_region)*100
    
    region_perc = sorted(region_perc.items(), key=lambda x: x[1], reverse=True)
    region_perc = list(zip(*region_perc))
    
    region = np.array(region_perc[0])
    region_perc = np.array(region_perc[1])
    region = pd.DataFrame(region)
    region_perc = pd.DataFrame(region_perc)
    
    region_res_perc = pd.concat((region,region_perc), axis=1)
    region_res_perc.columns = ['Region_Code', 'Buy_Percentage']
    

In [18]:

    
    
    plt.figure(figsize=(40,10))
    plt.title('Region Wise Buying Percentage',fontsize=50)
    ax = sns.barplot(x = region_res_perc['Region_Code'], y = region_res_perc['Buy_Percentage'])
    

![](__results___files/__results___37_0.png)

### Insights:¶

  1. We have most of the customers from Region_Code : 28.
  2. Region_Codes: [4,19,23,24,,28,38,51] have higher percentage of buying insurance.
  3. Region_Codes: 25 and 44 have lower percentage of buying insurance.

* * *

## 5\. Previously_Insuaranced¶

In [19]:

    
    
    plt.figure(figsize=(15,5))
    sns.countplot(train['Previously_Insured'],hue=train['Response'],palette=['Brown','Purple'])
    

Out[19]:

    
    
    <matplotlib.axes._subplots.AxesSubplot at 0x7f4600964d50>

![](__results___files/__results___40_1.png)

### Insights:¶

  1. Customers who Previously_Insured are very likely to buy Insurnce now.
  2. Customers who didn't Previously_Insured have good chance of buying Insurnce.

* * *

## 6\. Vehicle_Age¶

In [20]:

    
    
    plt.figure(figsize=(7,7))
    train['Vehicle_Age'].value_counts().plot.pie(autopct='%1.1f%%', colors = ['r', 'b', 'g'])
    

Out[20]:

    
    
    <matplotlib.axes._subplots.AxesSubplot at 0x7f460521fa10>

![](__results___files/__results___43_1.png)

In [21]:

    
    
    plt.figure(figsize = (30,10))
    sns.countplot(train['Vehicle_Age'], hue = train['Response'])
    

Out[21]:

    
    
    <matplotlib.axes._subplots.AxesSubplot at 0x7f4600751c90>

![](__results___files/__results___44_1.png)

In [22]:

    
    
    ls = train['Vehicle_Age'].unique()
    

In [23]:

    
    
    f,ax = plt.subplots(nrows=1, ncols=3,figsize = (30,10))
    axx = ax.flatten()
    for pos,val in enumerate(ls):
        axx[pos].set_title(str(val))
        train[ train['Vehicle_Age'] == val]['Response'].value_counts().plot.pie(autopct = '%1.1f%%',ax = axx[pos], colors=['Purple', 'Orange'])
    

![](__results___files/__results___46_0.png)

### Insights :¶

  1. We have half of our customers with Vehicle_Age `1-2 years`.
  2. We have very few customers (4.2%) with Vehicle_Age `>2 years.
  3. Customers with Vehicle_Age `>2years` have better chance (29.4%) of buying Insurance.
  4. Customers with with Vehicle_Age `<1 years` have very less chance of buying Insurance.

* * *

## 7\. Vehicle_Damage¶

In [24]:

    
    
    sns.countplot(train['Vehicle_Damage'], hue = train['Response'])
    

Out[24]:

    
    
    <matplotlib.axes._subplots.AxesSubplot at 0x7f46005f07d0>

![](__results___files/__results___49_1.png)

### Insights:¶

  1. We have almost same number of customes with damaged and non_damaged vehicle.
  2. Customers with Vehicle_Damage are likely to buy insurance.
  3. Customers with non damaged vehicle have least chance (less than 1%) of buying insurance.

* * *

## 8\. Annual_Premium¶

In [25]:

    
    
    f,ax = plt.subplots(nrows=2,ncols=1,figsize=(30,20))
    axx = ax.flatten()
    #plt.figure(figsize=(30,10))
    sns.distplot(train['Annual_Premium'],ax=axx[0], color='Blue')
    sns.boxplot(train['Annual_Premium'],ax=axx[1],color='Orange')
    

Out[25]:

    
    
    <matplotlib.axes._subplots.AxesSubplot at 0x7f460076e210>

![](__results___files/__results___52_1.png)

In [26]:

    
    
    plt.figure(figsize=(40,10))
    sns.distplot(train[ train['Annual_Premium'] < 100000]['Annual_Premium'])#.plot.hist(bins = 500, frequency=(0,10000))
    

Out[26]:

    
    
    <matplotlib.axes._subplots.AxesSubplot at 0x7f4600627f10>

![](__results___files/__results___53_1.png)

In [27]:

    
    
    start = 0
    step = 10000
    ls = []
    for _ in range(10):
        ls.append((start,step))
        start = step
        step+=10000
    
    for tup in ls:
        count = train[ train['Annual_Premium'].between(tup[0],tup[1])].shape[0]
        percentage = train[ (train['Annual_Premium'].between(tup[0], tup[1])) & (train['Response'] == 1)].shape[0]/train[ train['Annual_Premium'].between(tup[0], tup[1])].shape[0]*100
        print('Number of Customers with Annual_Premium Between {} : {} and Insurance Buy Percentage:{}'.format(tup,count,percentage))
    
    
    
    Number of Customers with Annual_Premium Between (0, 10000) : 64882 and Insurance Buy Percentage:13.109953453962579
    Number of Customers with Annual_Premium Between (10000, 20000) : 5803 and Insurance Buy Percentage:7.858004480441151
    Number of Customers with Annual_Premium Between (20000, 30000) : 95393 and Insurance Buy Percentage:10.03742412965312
    Number of Customers with Annual_Premium Between (30000, 40000) : 125062 and Insurance Buy Percentage:11.992451743935009
    Number of Customers with Annual_Premium Between (40000, 50000) : 57793 and Insurance Buy Percentage:14.32699461872545
    Number of Customers with Annual_Premium Between (50000, 60000) : 20050 and Insurance Buy Percentage:15.261845386533665
    Number of Customers with Annual_Premium Between (60000, 70000) : 7271 and Insurance Buy Percentage:15.334892036858754
    Number of Customers with Annual_Premium Between (70000, 80000) : 2524 and Insurance Buy Percentage:14.183835182250396
    Number of Customers with Annual_Premium Between (80000, 90000) : 1030 and Insurance Buy Percentage:14.854368932038836
    Number of Customers with Annual_Premium Between (90000, 100000) : 557 and Insurance Buy Percentage:16.15798922800718
    

### Insights:¶

  1. 'Annual Premium' data is highlt left skewed.
  2. Most of the customers have "Annual_Premium' in range (0, 10000) and (20000 to 50000)
  3. In every 'Annual Premium' range, the insurance buy percentage is almost same.

* * *

## 9\. Plolicy_Sales_Channel¶

In [28]:

    
    
    plt.figure(figsize=(40,10))
    train['Policy_Sales_Channel'].value_counts().plot.bar()
    

Out[28]:

    
    
    <matplotlib.axes._subplots.AxesSubplot at 0x7f4605fd1250>

![](__results___files/__results___57_1.png)

### Insights:¶

  1. Policy_Sales_Channel no. 152 have higest number of customers.
  2. Policy_Sales_Channel no. [152,26,124,160,156,122,157,154,151,163] have most of the customers.

* * *

## 10\. Vintage¶

In [29]:

    
    
    f,ax = plt.subplots(nrows=2,ncols=1,figsize=(30,20))
    axx = ax.flatten()
    sns.distplot(train['Vintage'],ax=axx[0], color='Blue')
    sns.boxplot(train['Vintage'],ax=axx[1],color='Orange')
    

Out[29]:

    
    
    <matplotlib.axes._subplots.AxesSubplot at 0x7f4600528e10>

![](__results___files/__results___60_1.png)

### Insights:¶

  1. Every 'Vintage' value have almost same number of customers.

* * *

# Everything at Once.¶

### All Insights From Variable Analysis¶

  1. Customers of age between 30 to 60 are more likely to buy insurance.
  2. Customes of age between 20 to 30 are less likely to buy insurance.
  3. In almost every age group, 'Male's are more likely to buy insurance.
  4. Females under age 30 are very less likely ho buy insurance.
  5. Very few customers don't have Driving License.
  6. Customers with Driving License have higher chance of buying Insurance.
  7. We have most of the customers from Region_Code : 28.
  8. Region_Codes: [4,19,23,24,,28,38,51] have higher percentage of buying insurance.
  9. Region_Codes: 25 and 44 have lower percentage of buying insurance.
  10. Customers who Previously_Insured are very likely to buy Insurnce now.
  11. Customers who didn't Previously_Insured have good chance of buying Insurnce.
  12. We have half of our customers with Vehicle_Age 1-2 years.
  13. We have very few customers (4.2%) with Vehicle_Age >2 years.
  14. Customers with Vehicle_Age >2years have better chance (29.4%) of buying Insurance.
  15. Customers with with Vehicle_Age <1 years have very less chance of buying Insurance.
  16. We have almost same number of customes with damaged and non_damaged vehicle.
  17. Customers with Vehicle_Damage are likely to buy insurance.
  18. Customers with non damaged vehicle have least chance (less than 1%) of buying insurance.
  19. 'Annual Premium' data is highlt left skewed.
  20. Most of the customers have "Annual_Premium' in range (0, 10000) and (20000 to 50000)
  21. In every 'Annual Premium' range, the insurance buy percentage is almost same.
  22. Policy_Sales_Channel no. 152 have higest number of customers.
  23. Policy_Sales_Channel no. [152,26,124,160,156,122,157,154,151,163] have most of the customers.
  24. Every 'Vintage' value have almost same number of customers.

* * *

# Merging Train and Test Data¶

In [30]:

    
    
    train['is_train'] = 1
    test['is_train'] = 0
    test['Response'] = None
    
    data = pd.concat((train,test))
    data.set_index('id',inplace=True)
    data.shape
    

Out[30]:

    
    
    (508146, 12)

* * *

# Outlier Analysis¶

## 1\. Age¶

In [31]:

    
    
    sns.boxplot('Age', data=data, orient='v', color='Red')
    

Out[31]:

    
    
    <matplotlib.axes._subplots.AxesSubplot at 0x7f460067ed50>

![](__results___files/__results___68_1.png)

## 2\. Annual_Premium¶

In [32]:

    
    
    sns.boxplot('Annual_Premium', data=data,orient='v', color='red')
    

Out[32]:

    
    
    <matplotlib.axes._subplots.AxesSubplot at 0x7f4600534750>

![](__results___files/__results___70_1.png)

In [33]:

    
    
    f,ax = plt.subplots(nrows=1,ncols=2,figsize = (40,10))
    axx = ax.flatten()
    sns.kdeplot(data['Annual_Premium'], legend=False,ax = axx[0])
    sns.kdeplot(np.log(data['Annual_Premium']), legend=False,ax = axx[1]) # after using log transformation
    

Out[33]:

    
    
    <matplotlib.axes._subplots.AxesSubplot at 0x7f46003a3590>

![](__results___files/__results___71_1.png)

### we will do log transformation on 'Annual_Premium'm¶

* * *

# Corelation Analysis¶

### Label Encoding for co-relation checking¶

In [34]:

    
    
    corr_check = data.copy()
    
    col_ls = ['Gender', 'Vehicle_Age', 'Vehicle_Damage']
    
    for col in col_ls:
        corr_check[col] = le.fit_transform(corr_check[col])
    

In [35]:

    
    
    plt.figure(figsize=(20,10))
    sns.heatmap(corr_check.corr(), annot=True, square=True,annot_kws={'size': 10})
    

Out[35]:

    
    
    <matplotlib.axes._subplots.AxesSubplot at 0x7f4600283c50>

![](__results___files/__results___76_1.png)

## Insights:¶

  1. 'Previously_Insured' and 'Vehicle_Damage' are highly positively corelated.
  2. 'Age' and 'Policy_Sales_Channel' are negatively corelated.
  3. 'Age' and 'Vehicle_Age' are negatively corelated.

* * *

# Data Preprocessing¶

In [36]:

    
    
    train['Vehicle_Age']=train['Vehicle_Age'].replace({'< 1 Year':0,'1-2 Year':1,'> 2 Years':2})
    train['Gender']=train['Gender'].replace({'Male':1,'Female':0})
    train['Vehicle_Damage']=train['Vehicle_Damage'].replace({'Yes':1,'No':0})
    
    test['Vehicle_Age']=test['Vehicle_Age'].replace({'< 1 Year':0,'1-2 Year':1,'> 2 Years':2})
    test['Gender']=test['Gender'].replace({'Male':1,'Female':0})
    test['Vehicle_Damage']=test['Vehicle_Damage'].replace({'Yes':1,'No':0})
    

In [37]:

    
    
    # Changing Datatype
    train['Region_Code']=train['Region_Code'].astype(int)
    test['Region_Code']=test['Region_Code'].astype(int)
    train['Policy_Sales_Channel']=train['Policy_Sales_Channel'].astype(int)
    test['Policy_Sales_Channel']=test['Policy_Sales_Channel'].astype(int)
    

* * *

# Model Building¶

In [38]:

    
    
    features=['Gender', 'Age', 'Driving_License', 'Region_Code', 'Previously_Insured', 'Vehicle_Age', 'Vehicle_Damage', 'Annual_Premium', 'Policy_Sales_Channel', 'Vintage']
    
    cat_col=['Gender','Driving_License', 'Region_Code', 'Previously_Insured', 'Vehicle_Age', 'Vehicle_Damage','Policy_Sales_Channel']
    

* * *

## Train Test Split¶

In [39]:

    
    
    X=train[features]
    y=tra